[2025-05-03T19:03:48.145+0000] {local_task_job_runner.py:120} INFO - ::group::Pre task execution logs
[2025-05-03T19:03:48.198+0000] {taskinstance.py:2076} INFO - Dependencies all met for dep_context=non-requeueable deps ti=<TaskInstance: final_project_BBDL.BronzeToSilver manual__2025-05-03T19:03:23.219099+00:00 [queued]>
[2025-05-03T19:03:48.207+0000] {taskinstance.py:2076} INFO - Dependencies all met for dep_context=requeueable deps ti=<TaskInstance: final_project_BBDL.BronzeToSilver manual__2025-05-03T19:03:23.219099+00:00 [queued]>
[2025-05-03T19:03:48.208+0000] {taskinstance.py:2306} INFO - Starting attempt 1 of 1
[2025-05-03T19:03:48.249+0000] {taskinstance.py:2330} INFO - Executing <Task(SparkSubmitOperator): BronzeToSilver> on 2025-05-03 19:03:23.219099+00:00
[2025-05-03T19:03:48.253+0000] {standard_task_runner.py:63} INFO - Started process 2005 to run task
[2025-05-03T19:03:48.256+0000] {standard_task_runner.py:90} INFO - Running: ['airflow', 'tasks', 'run', 'final_project_BBDL', 'BronzeToSilver', 'manual__2025-05-03T19:03:23.219099+00:00', '--job-id', '63', '--raw', '--subdir', 'DAGS_FOLDER/project_solution.py', '--cfg-path', '/tmp/tmp8gym5p4q']
[2025-05-03T19:03:48.258+0000] {standard_task_runner.py:91} INFO - Job 63: Subtask BronzeToSilver
[2025-05-03T19:03:48.327+0000] {logging_mixin.py:188} WARNING - /home/airflow/.local/lib/python3.10/site-packages/airflow/settings.py:195 DeprecationWarning: The sql_alchemy_conn option in [core] has been moved to the sql_alchemy_conn option in [database] - the old setting has been used, but please update your config.
[2025-05-03T19:03:48.412+0000] {task_command.py:426} INFO - Running <TaskInstance: final_project_BBDL.BronzeToSilver manual__2025-05-03T19:03:23.219099+00:00 [running]> on host d25fc7b89850
[2025-05-03T19:03:48.643+0000] {taskinstance.py:2648} INFO - Exporting env vars: AIRFLOW_CTX_DAG_OWNER='airflow' AIRFLOW_CTX_DAG_ID='final_project_BBDL' AIRFLOW_CTX_TASK_ID='BronzeToSilver' AIRFLOW_CTX_EXECUTION_DATE='2025-05-03T19:03:23.219099+00:00' AIRFLOW_CTX_TRY_NUMBER='1' AIRFLOW_CTX_DAG_RUN_ID='manual__2025-05-03T19:03:23.219099+00:00'
[2025-05-03T19:03:48.644+0000] {taskinstance.py:430} INFO - ::endgroup::
[2025-05-03T19:03:48.694+0000] {base.py:84} INFO - Using connection ID 'spark_default' for task execution.
[2025-05-03T19:03:48.695+0000] {spark_submit.py:328} ERROR - Failed to decode base64 keytab: Invalid base64-encoded string: number of data characters (5) cannot be 1 more than a multiple of 4
[2025-05-03T19:03:48.696+0000] {spark_submit.py:305} INFO - Could not load connection string spark_default, defaulting to spark://spark-master:7077
[2025-05-03T19:03:48.696+0000] {spark_submit.py:474} INFO - Spark-Submit cmd: spark-submit --master spark://spark-master:7077 --conf spark.master=spark://spark-master:7077 --name BronzeToSilver --verbose --queue root.default --deploy-mode client /opt/airflow/dags/bronze_to_silver.py
[2025-05-03T19:03:50.165+0000] {spark_submit.py:644} INFO - Using properties file: null
[2025-05-03T19:03:50.274+0000] {spark_submit.py:644} INFO - Parsed arguments:
[2025-05-03T19:03:50.274+0000] {spark_submit.py:644} INFO - master                  spark://spark-master:7077
[2025-05-03T19:03:50.275+0000] {spark_submit.py:644} INFO - deployMode              client
[2025-05-03T19:03:50.275+0000] {spark_submit.py:644} INFO - executorMemory          null
[2025-05-03T19:03:50.275+0000] {spark_submit.py:644} INFO - executorCores           null
[2025-05-03T19:03:50.275+0000] {spark_submit.py:644} INFO - totalExecutorCores      null
[2025-05-03T19:03:50.275+0000] {spark_submit.py:644} INFO - propertiesFile          null
[2025-05-03T19:03:50.275+0000] {spark_submit.py:644} INFO - driverMemory            null
[2025-05-03T19:03:50.276+0000] {spark_submit.py:644} INFO - driverCores             null
[2025-05-03T19:03:50.276+0000] {spark_submit.py:644} INFO - driverExtraClassPath    null
[2025-05-03T19:03:50.276+0000] {spark_submit.py:644} INFO - driverExtraLibraryPath  null
[2025-05-03T19:03:50.276+0000] {spark_submit.py:644} INFO - driverExtraJavaOptions  null
[2025-05-03T19:03:50.276+0000] {spark_submit.py:644} INFO - supervise               false
[2025-05-03T19:03:50.276+0000] {spark_submit.py:644} INFO - queue                   root.default
[2025-05-03T19:03:50.277+0000] {spark_submit.py:644} INFO - numExecutors            null
[2025-05-03T19:03:50.277+0000] {spark_submit.py:644} INFO - files                   null
[2025-05-03T19:03:50.277+0000] {spark_submit.py:644} INFO - pyFiles                 null
[2025-05-03T19:03:50.277+0000] {spark_submit.py:644} INFO - archives                null
[2025-05-03T19:03:50.277+0000] {spark_submit.py:644} INFO - mainClass               null
[2025-05-03T19:03:50.277+0000] {spark_submit.py:644} INFO - primaryResource         file:/opt/airflow/dags/bronze_to_silver.py
[2025-05-03T19:03:50.277+0000] {spark_submit.py:644} INFO - name                    BronzeToSilver
[2025-05-03T19:03:50.278+0000] {spark_submit.py:644} INFO - childArgs               []
[2025-05-03T19:03:50.278+0000] {spark_submit.py:644} INFO - jars                    null
[2025-05-03T19:03:50.278+0000] {spark_submit.py:644} INFO - packages                null
[2025-05-03T19:03:50.278+0000] {spark_submit.py:644} INFO - packagesExclusions      null
[2025-05-03T19:03:50.278+0000] {spark_submit.py:644} INFO - repositories            null
[2025-05-03T19:03:50.278+0000] {spark_submit.py:644} INFO - verbose                 true
[2025-05-03T19:03:50.278+0000] {spark_submit.py:644} INFO - 
[2025-05-03T19:03:50.279+0000] {spark_submit.py:644} INFO - Spark properties used, including those specified through
[2025-05-03T19:03:50.279+0000] {spark_submit.py:644} INFO - --conf and those from the properties file null:
[2025-05-03T19:03:50.279+0000] {spark_submit.py:644} INFO - (spark.master,spark://spark-master:7077)
[2025-05-03T19:03:50.279+0000] {spark_submit.py:644} INFO - 
[2025-05-03T19:03:50.279+0000] {spark_submit.py:644} INFO - 
[2025-05-03T19:03:50.622+0000] {spark_submit.py:644} INFO - Main class:
[2025-05-03T19:03:50.623+0000] {spark_submit.py:644} INFO - org.apache.spark.deploy.PythonRunner
[2025-05-03T19:03:50.624+0000] {spark_submit.py:644} INFO - Arguments:
[2025-05-03T19:03:50.624+0000] {spark_submit.py:644} INFO - file:/opt/airflow/dags/bronze_to_silver.py
[2025-05-03T19:03:50.624+0000] {spark_submit.py:644} INFO - null
[2025-05-03T19:03:50.625+0000] {spark_submit.py:644} INFO - Spark config:
[2025-05-03T19:03:50.626+0000] {spark_submit.py:644} INFO - (spark.app.name,BronzeToSilver)
[2025-05-03T19:03:50.626+0000] {spark_submit.py:644} INFO - (spark.app.submitTime,1746299030605)
[2025-05-03T19:03:50.626+0000] {spark_submit.py:644} INFO - (spark.master,spark://spark-master:7077)
[2025-05-03T19:03:50.626+0000] {spark_submit.py:644} INFO - (spark.submit.deployMode,client)
[2025-05-03T19:03:50.626+0000] {spark_submit.py:644} INFO - (spark.submit.pyFiles,)
[2025-05-03T19:03:50.626+0000] {spark_submit.py:644} INFO - Classpath elements:
[2025-05-03T19:03:50.626+0000] {spark_submit.py:644} INFO - 
[2025-05-03T19:03:50.626+0000] {spark_submit.py:644} INFO - 
[2025-05-03T19:03:50.626+0000] {spark_submit.py:644} INFO - 
[2025-05-03T19:03:51.170+0000] {spark_submit.py:644} INFO - 25/05/03 19:03:51 INFO SparkContext: Running Spark version 3.3.0
[2025-05-03T19:03:51.265+0000] {spark_submit.py:644} INFO - 25/05/03 19:03:51 WARN NativeCodeLoader: Unable to load native-hadoop library for your platform... using builtin-java classes where applicable
[2025-05-03T19:03:51.363+0000] {spark_submit.py:644} INFO - 25/05/03 19:03:51 INFO ResourceUtils: ==============================================================
[2025-05-03T19:03:51.363+0000] {spark_submit.py:644} INFO - 25/05/03 19:03:51 INFO ResourceUtils: No custom resources configured for spark.driver.
[2025-05-03T19:03:51.364+0000] {spark_submit.py:644} INFO - 25/05/03 19:03:51 INFO ResourceUtils: ==============================================================
[2025-05-03T19:03:51.364+0000] {spark_submit.py:644} INFO - 25/05/03 19:03:51 INFO SparkContext: Submitted application: Bronze to Silver ETL
[2025-05-03T19:03:51.394+0000] {spark_submit.py:644} INFO - 25/05/03 19:03:51 INFO ResourceProfile: Default ResourceProfile created, executor resources: Map(cores -> name: cores, amount: 1, script: , vendor: , memory -> name: memory, amount: 1024, script: , vendor: , offHeap -> name: offHeap, amount: 0, script: , vendor: ), task resources: Map(cpus -> name: cpus, amount: 1.0)
[2025-05-03T19:03:51.401+0000] {spark_submit.py:644} INFO - 25/05/03 19:03:51 INFO ResourceProfile: Limiting resource is cpu
[2025-05-03T19:03:51.402+0000] {spark_submit.py:644} INFO - 25/05/03 19:03:51 INFO ResourceProfileManager: Added ResourceProfile id: 0
[2025-05-03T19:03:51.446+0000] {spark_submit.py:644} INFO - 25/05/03 19:03:51 INFO SecurityManager: Changing view acls to: root
[2025-05-03T19:03:51.447+0000] {spark_submit.py:644} INFO - 25/05/03 19:03:51 INFO SecurityManager: Changing modify acls to: root
[2025-05-03T19:03:51.448+0000] {spark_submit.py:644} INFO - 25/05/03 19:03:51 INFO SecurityManager: Changing view acls groups to:
[2025-05-03T19:03:51.448+0000] {spark_submit.py:644} INFO - 25/05/03 19:03:51 INFO SecurityManager: Changing modify acls groups to:
[2025-05-03T19:03:51.450+0000] {spark_submit.py:644} INFO - 25/05/03 19:03:51 INFO SecurityManager: SecurityManager: authentication disabled; ui acls disabled; users  with view permissions: Set(root); groups with view permissions: Set(); users  with modify permissions: Set(root); groups with modify permissions: Set()
[2025-05-03T19:03:51.654+0000] {spark_submit.py:644} INFO - 25/05/03 19:03:51 INFO Utils: Successfully started service 'sparkDriver' on port 36405.
[2025-05-03T19:03:51.679+0000] {spark_submit.py:644} INFO - 25/05/03 19:03:51 INFO SparkEnv: Registering MapOutputTracker
[2025-05-03T19:03:51.708+0000] {spark_submit.py:644} INFO - 25/05/03 19:03:51 INFO SparkEnv: Registering BlockManagerMaster
[2025-05-03T19:03:51.721+0000] {spark_submit.py:644} INFO - 25/05/03 19:03:51 INFO BlockManagerMasterEndpoint: Using org.apache.spark.storage.DefaultTopologyMapper for getting topology information
[2025-05-03T19:03:51.721+0000] {spark_submit.py:644} INFO - 25/05/03 19:03:51 INFO BlockManagerMasterEndpoint: BlockManagerMasterEndpoint up
[2025-05-03T19:03:51.727+0000] {spark_submit.py:644} INFO - 25/05/03 19:03:51 INFO SparkEnv: Registering BlockManagerMasterHeartbeat
[2025-05-03T19:03:51.743+0000] {spark_submit.py:644} INFO - 25/05/03 19:03:51 INFO DiskBlockManager: Created local directory at /tmp/blockmgr-bdd4cf06-4e4a-4f10-8521-898d5aaef1d9
[2025-05-03T19:03:51.757+0000] {spark_submit.py:644} INFO - 25/05/03 19:03:51 INFO MemoryStore: MemoryStore started with capacity 434.4 MiB
[2025-05-03T19:03:51.770+0000] {spark_submit.py:644} INFO - 25/05/03 19:03:51 INFO SparkEnv: Registering OutputCommitCoordinator
[2025-05-03T19:03:51.933+0000] {spark_submit.py:644} INFO - 25/05/03 19:03:51 INFO Utils: Successfully started service 'SparkUI' on port 4040.
[2025-05-03T19:03:52.074+0000] {spark_submit.py:644} INFO - 25/05/03 19:03:52 INFO StandaloneAppClient$ClientEndpoint: Connecting to master spark://spark-master:7077...
[2025-05-03T19:03:52.115+0000] {spark_submit.py:644} INFO - 25/05/03 19:03:52 INFO TransportClientFactory: Successfully created connection to spark-master/172.19.0.3:7077 after 23 ms (0 ms spent in bootstraps)
[2025-05-03T19:03:52.188+0000] {spark_submit.py:644} INFO - 25/05/03 19:03:52 INFO StandaloneSchedulerBackend: Connected to Spark cluster with app ID app-20250503190352-0001
[2025-05-03T19:03:52.194+0000] {spark_submit.py:644} INFO - 25/05/03 19:03:52 INFO StandaloneAppClient$ClientEndpoint: Executor added: app-20250503190352-0001/0 on worker-20250503175743-172.19.0.6-44415 (172.19.0.6:44415) with 2 core(s)
[2025-05-03T19:03:52.195+0000] {spark_submit.py:644} INFO - 25/05/03 19:03:52 INFO Utils: Successfully started service 'org.apache.spark.network.netty.NettyBlockTransferService' on port 44869.
[2025-05-03T19:03:52.196+0000] {spark_submit.py:644} INFO - 25/05/03 19:03:52 INFO NettyBlockTransferService: Server created on d25fc7b89850:44869
[2025-05-03T19:03:52.196+0000] {spark_submit.py:644} INFO - 25/05/03 19:03:52 INFO StandaloneSchedulerBackend: Granted executor ID app-20250503190352-0001/0 on hostPort 172.19.0.6:44415 with 2 core(s), 1024.0 MiB RAM
[2025-05-03T19:03:52.199+0000] {spark_submit.py:644} INFO - 25/05/03 19:03:52 INFO BlockManager: Using org.apache.spark.storage.RandomBlockReplicationPolicy for block replication policy
[2025-05-03T19:03:52.206+0000] {spark_submit.py:644} INFO - 25/05/03 19:03:52 INFO BlockManagerMaster: Registering BlockManager BlockManagerId(driver, d25fc7b89850, 44869, None)
[2025-05-03T19:03:52.208+0000] {spark_submit.py:644} INFO - 25/05/03 19:03:52 INFO BlockManagerMasterEndpoint: Registering block manager d25fc7b89850:44869 with 434.4 MiB RAM, BlockManagerId(driver, d25fc7b89850, 44869, None)
[2025-05-03T19:03:52.211+0000] {spark_submit.py:644} INFO - 25/05/03 19:03:52 INFO BlockManagerMaster: Registered BlockManager BlockManagerId(driver, d25fc7b89850, 44869, None)
[2025-05-03T19:03:52.212+0000] {spark_submit.py:644} INFO - 25/05/03 19:03:52 INFO BlockManager: Initialized BlockManager: BlockManagerId(driver, d25fc7b89850, 44869, None)
[2025-05-03T19:03:52.240+0000] {spark_submit.py:644} INFO - 25/05/03 19:03:52 INFO StandaloneAppClient$ClientEndpoint: Executor updated: app-20250503190352-0001/0 is now RUNNING
[2025-05-03T19:03:52.389+0000] {spark_submit.py:644} INFO - 25/05/03 19:03:52 INFO StandaloneSchedulerBackend: SchedulerBackend is ready for scheduling beginning after reached minRegisteredResourcesRatio: 0.0
[2025-05-03T19:03:52.557+0000] {spark_submit.py:644} INFO - üîç –ß–∏—Ç–∞–Ω–Ω—è –∑: /tmp/spark_data/bronze/athlete_event_results/20250503_*
[2025-05-03T19:03:52.608+0000] {spark_submit.py:644} INFO - 25/05/03 19:03:52 INFO SharedState: Setting hive.metastore.warehouse.dir ('null') to the value of spark.sql.warehouse.dir.
[2025-05-03T19:03:52.614+0000] {spark_submit.py:644} INFO - 25/05/03 19:03:52 INFO SharedState: Warehouse path is 'file:/opt/airflow/spark-warehouse'.
[2025-05-03T19:03:53.307+0000] {spark_submit.py:644} INFO - 25/05/03 19:03:53 INFO InMemoryFileIndex: It took 66 ms to list leaf files for 8 paths.
[2025-05-03T19:03:53.803+0000] {spark_submit.py:644} INFO - 25/05/03 19:03:53 INFO SparkContext: Starting job: load at NativeMethodAccessorImpl.java:0
[2025-05-03T19:03:53.819+0000] {spark_submit.py:644} INFO - 25/05/03 19:03:53 INFO DAGScheduler: Got job 0 (load at NativeMethodAccessorImpl.java:0) with 1 output partitions
[2025-05-03T19:03:53.820+0000] {spark_submit.py:644} INFO - 25/05/03 19:03:53 INFO DAGScheduler: Final stage: ResultStage 0 (load at NativeMethodAccessorImpl.java:0)
[2025-05-03T19:03:53.820+0000] {spark_submit.py:644} INFO - 25/05/03 19:03:53 INFO DAGScheduler: Parents of final stage: List()
[2025-05-03T19:03:53.821+0000] {spark_submit.py:644} INFO - 25/05/03 19:03:53 INFO DAGScheduler: Missing parents: List()
[2025-05-03T19:03:53.825+0000] {spark_submit.py:644} INFO - 25/05/03 19:03:53 INFO DAGScheduler: Submitting ResultStage 0 (MapPartitionsRDD[1] at load at NativeMethodAccessorImpl.java:0), which has no missing parents
[2025-05-03T19:03:53.868+0000] {spark_submit.py:644} INFO - 25/05/03 19:03:53 INFO MemoryStore: Block broadcast_0 stored as values in memory (estimated size 102.6 KiB, free 434.3 MiB)
[2025-05-03T19:03:53.905+0000] {spark_submit.py:644} INFO - 25/05/03 19:03:53 INFO MemoryStore: Block broadcast_0_piece0 stored as bytes in memory (estimated size 36.8 KiB, free 434.3 MiB)
[2025-05-03T19:03:53.908+0000] {spark_submit.py:644} INFO - 25/05/03 19:03:53 INFO BlockManagerInfo: Added broadcast_0_piece0 in memory on d25fc7b89850:44869 (size: 36.8 KiB, free: 434.4 MiB)
[2025-05-03T19:03:53.912+0000] {spark_submit.py:644} INFO - 25/05/03 19:03:53 INFO SparkContext: Created broadcast 0 from broadcast at DAGScheduler.scala:1513
[2025-05-03T19:03:53.925+0000] {spark_submit.py:644} INFO - 25/05/03 19:03:53 INFO DAGScheduler: Submitting 1 missing tasks from ResultStage 0 (MapPartitionsRDD[1] at load at NativeMethodAccessorImpl.java:0) (first 15 tasks are for partitions Vector(0))
[2025-05-03T19:03:53.926+0000] {spark_submit.py:644} INFO - 25/05/03 19:03:53 INFO TaskSchedulerImpl: Adding task set 0.0 with 1 tasks resource profile 0
[2025-05-03T19:03:55.146+0000] {spark_submit.py:644} INFO - 25/05/03 19:03:55 INFO CoarseGrainedSchedulerBackend$DriverEndpoint: Registered executor NettyRpcEndpointRef(spark-client://Executor) (172.19.0.6:49786) with ID 0,  ResourceProfileId 0
[2025-05-03T19:03:55.219+0000] {spark_submit.py:644} INFO - 25/05/03 19:03:55 INFO BlockManagerMasterEndpoint: Registering block manager 172.19.0.6:35851 with 366.3 MiB RAM, BlockManagerId(0, 172.19.0.6, 35851, None)
[2025-05-03T19:03:55.308+0000] {spark_submit.py:644} INFO - 25/05/03 19:03:55 INFO TaskSetManager: Starting task 0.0 in stage 0.0 (TID 0) (172.19.0.6, executor 0, partition 0, PROCESS_LOCAL, 4685 bytes) taskResourceAssignments Map()
[2025-05-03T19:03:55.619+0000] {spark_submit.py:644} INFO - 25/05/03 19:03:55 INFO BlockManagerInfo: Added broadcast_0_piece0 in memory on 172.19.0.6:35851 (size: 36.8 KiB, free: 366.3 MiB)
[2025-05-03T19:03:56.562+0000] {spark_submit.py:644} INFO - 25/05/03 19:03:56 INFO TaskSetManager: Finished task 0.0 in stage 0.0 (TID 0) in 1265 ms on 172.19.0.6 (executor 0) (1/1)
[2025-05-03T19:03:56.563+0000] {spark_submit.py:644} INFO - 25/05/03 19:03:56 INFO TaskSchedulerImpl: Removed TaskSet 0.0, whose tasks have all completed, from pool
[2025-05-03T19:03:56.568+0000] {spark_submit.py:644} INFO - 25/05/03 19:03:56 INFO DAGScheduler: ResultStage 0 (load at NativeMethodAccessorImpl.java:0) finished in 2.728 s
[2025-05-03T19:03:56.570+0000] {spark_submit.py:644} INFO - 25/05/03 19:03:56 INFO DAGScheduler: Job 0 is finished. Cancelling potential speculative or zombie tasks for this job
[2025-05-03T19:03:56.570+0000] {spark_submit.py:644} INFO - 25/05/03 19:03:56 INFO TaskSchedulerImpl: Killing all running tasks in stage 0: Stage finished
[2025-05-03T19:03:56.572+0000] {spark_submit.py:644} INFO - 25/05/03 19:03:56 INFO DAGScheduler: Job 0 finished: load at NativeMethodAccessorImpl.java:0, took 2.768561 s
[2025-05-03T19:03:56.890+0000] {spark_submit.py:644} INFO - 25/05/03 19:03:56 INFO BlockManagerInfo: Removed broadcast_0_piece0 on d25fc7b89850:44869 in memory (size: 36.8 KiB, free: 434.4 MiB)
[2025-05-03T19:03:56.900+0000] {spark_submit.py:644} INFO - 25/05/03 19:03:56 INFO BlockManagerInfo: Removed broadcast_0_piece0 on 172.19.0.6:35851 in memory (size: 36.8 KiB, free: 366.3 MiB)
[2025-05-03T19:03:57.684+0000] {spark_submit.py:644} INFO - üßº –ß–∏—â–µ–Ω–Ω—è –¥–∞—Ç–∞—Ñ—Ä–µ–π–º—É...
[2025-05-03T19:03:58.167+0000] {spark_submit.py:644} INFO - üíæ –ó–±–µ—Ä–µ–∂–µ–Ω–Ω—è –¥–æ Silver —Ä—ñ–≤–Ω—è: /tmp/spark_data/silver/athlete_event_results/20250503
[2025-05-03T19:03:58.862+0000] {spark_submit.py:644} INFO - 25/05/03 19:03:58 INFO FileSourceStrategy: Pushed Filters:
[2025-05-03T19:03:58.863+0000] {spark_submit.py:644} INFO - 25/05/03 19:03:58 INFO FileSourceStrategy: Post-Scan Filters:
[2025-05-03T19:03:58.865+0000] {spark_submit.py:644} INFO - 25/05/03 19:03:58 INFO FileSourceStrategy: Output Data Schema: struct<edition: string, edition_id: string, country_noc: string, sport: string, event: string ... 9 more fields>
[2025-05-03T19:03:58.978+0000] {spark_submit.py:644} INFO - 25/05/03 19:03:58 INFO ParquetFileFormat: Using default output committer for Parquet: org.apache.parquet.hadoop.ParquetOutputCommitter
[2025-05-03T19:03:58.995+0000] {spark_submit.py:644} INFO - 25/05/03 19:03:58 INFO FileOutputCommitter: File Output Committer Algorithm version is 1
[2025-05-03T19:03:58.995+0000] {spark_submit.py:644} INFO - 25/05/03 19:03:58 INFO FileOutputCommitter: FileOutputCommitter skip cleanup _temporary folders under output directory:false, ignore cleanup failures: false
[2025-05-03T19:03:58.997+0000] {spark_submit.py:644} INFO - 25/05/03 19:03:58 INFO SQLHadoopMapReduceCommitProtocol: Using user defined output committer class org.apache.parquet.hadoop.ParquetOutputCommitter
[2025-05-03T19:03:58.997+0000] {spark_submit.py:644} INFO - 25/05/03 19:03:58 INFO FileOutputCommitter: File Output Committer Algorithm version is 1
[2025-05-03T19:03:58.997+0000] {spark_submit.py:644} INFO - 25/05/03 19:03:58 INFO FileOutputCommitter: FileOutputCommitter skip cleanup _temporary folders under output directory:false, ignore cleanup failures: false
[2025-05-03T19:03:58.998+0000] {spark_submit.py:644} INFO - 25/05/03 19:03:58 INFO SQLHadoopMapReduceCommitProtocol: Using output committer class org.apache.parquet.hadoop.ParquetOutputCommitter
[2025-05-03T19:03:59.207+0000] {spark_submit.py:644} INFO - 25/05/03 19:03:59 INFO CodeGenerator: Code generated in 106.77698 ms
[2025-05-03T19:03:59.262+0000] {spark_submit.py:644} INFO - 25/05/03 19:03:59 INFO CodeGenerator: Code generated in 41.705962 ms
[2025-05-03T19:03:59.310+0000] {spark_submit.py:644} INFO - 25/05/03 19:03:59 INFO MemoryStore: Block broadcast_1 stored as values in memory (estimated size 201.7 KiB, free 434.2 MiB)
[2025-05-03T19:03:59.323+0000] {spark_submit.py:644} INFO - 25/05/03 19:03:59 INFO MemoryStore: Block broadcast_1_piece0 stored as bytes in memory (estimated size 34.7 KiB, free 434.2 MiB)
[2025-05-03T19:03:59.324+0000] {spark_submit.py:644} INFO - 25/05/03 19:03:59 INFO BlockManagerInfo: Added broadcast_1_piece0 in memory on d25fc7b89850:44869 (size: 34.7 KiB, free: 434.4 MiB)
[2025-05-03T19:03:59.326+0000] {spark_submit.py:644} INFO - 25/05/03 19:03:59 INFO SparkContext: Created broadcast 1 from parquet at NativeMethodAccessorImpl.java:0
[2025-05-03T19:03:59.337+0000] {spark_submit.py:644} INFO - 25/05/03 19:03:59 INFO FileSourceScanExec: Planning scan with bin packing, max size: 54360016 bytes, open cost is considered as scanning 4194304 bytes.
[2025-05-03T19:03:59.465+0000] {spark_submit.py:644} INFO - 25/05/03 19:03:59 INFO SparkContext: Starting job: parquet at NativeMethodAccessorImpl.java:0
[2025-05-03T19:03:59.467+0000] {spark_submit.py:644} INFO - 25/05/03 19:03:59 INFO DAGScheduler: Got job 1 (parquet at NativeMethodAccessorImpl.java:0) with 2 output partitions
[2025-05-03T19:03:59.468+0000] {spark_submit.py:644} INFO - 25/05/03 19:03:59 INFO DAGScheduler: Final stage: ResultStage 1 (parquet at NativeMethodAccessorImpl.java:0)
[2025-05-03T19:03:59.468+0000] {spark_submit.py:644} INFO - 25/05/03 19:03:59 INFO DAGScheduler: Parents of final stage: List()
[2025-05-03T19:03:59.468+0000] {spark_submit.py:644} INFO - 25/05/03 19:03:59 INFO DAGScheduler: Missing parents: List()
[2025-05-03T19:03:59.469+0000] {spark_submit.py:644} INFO - 25/05/03 19:03:59 INFO DAGScheduler: Submitting ResultStage 1 (MapPartitionsRDD[7] at parquet at NativeMethodAccessorImpl.java:0), which has no missing parents
[2025-05-03T19:03:59.496+0000] {spark_submit.py:644} INFO - 25/05/03 19:03:59 INFO MemoryStore: Block broadcast_2 stored as values in memory (estimated size 247.5 KiB, free 433.9 MiB)
[2025-05-03T19:03:59.505+0000] {spark_submit.py:644} INFO - 25/05/03 19:03:59 INFO MemoryStore: Block broadcast_2_piece0 stored as bytes in memory (estimated size 85.7 KiB, free 433.8 MiB)
[2025-05-03T19:03:59.508+0000] {spark_submit.py:644} INFO - 25/05/03 19:03:59 INFO BlockManagerInfo: Added broadcast_2_piece0 in memory on d25fc7b89850:44869 (size: 85.7 KiB, free: 434.3 MiB)
[2025-05-03T19:03:59.509+0000] {spark_submit.py:644} INFO - 25/05/03 19:03:59 INFO SparkContext: Created broadcast 2 from broadcast at DAGScheduler.scala:1513
[2025-05-03T19:03:59.512+0000] {spark_submit.py:644} INFO - 25/05/03 19:03:59 INFO DAGScheduler: Submitting 2 missing tasks from ResultStage 1 (MapPartitionsRDD[7] at parquet at NativeMethodAccessorImpl.java:0) (first 15 tasks are for partitions Vector(0, 1))
[2025-05-03T19:03:59.512+0000] {spark_submit.py:644} INFO - 25/05/03 19:03:59 INFO TaskSchedulerImpl: Adding task set 1.0 with 2 tasks resource profile 0
[2025-05-03T19:03:59.519+0000] {spark_submit.py:644} INFO - 25/05/03 19:03:59 INFO TaskSetManager: Starting task 0.0 in stage 1.0 (TID 1) (172.19.0.6, executor 0, partition 0, PROCESS_LOCAL, 6277 bytes) taskResourceAssignments Map()
[2025-05-03T19:03:59.520+0000] {spark_submit.py:644} INFO - 25/05/03 19:03:59 INFO TaskSetManager: Starting task 1.0 in stage 1.0 (TID 2) (172.19.0.6, executor 0, partition 1, PROCESS_LOCAL, 6277 bytes) taskResourceAssignments Map()
[2025-05-03T19:03:59.590+0000] {spark_submit.py:644} INFO - 25/05/03 19:03:59 INFO BlockManagerInfo: Added broadcast_2_piece0 in memory on 172.19.0.6:35851 (size: 85.7 KiB, free: 366.2 MiB)
[2025-05-03T19:04:01.353+0000] {spark_submit.py:644} INFO - 25/05/03 19:04:01 WARN TaskSetManager: Lost task 0.0 in stage 1.0 (TID 1) (172.19.0.6 executor 0): org.apache.spark.SparkException:
[2025-05-03T19:04:01.354+0000] {spark_submit.py:644} INFO - Error from python worker:
[2025-05-03T19:04:01.354+0000] {spark_submit.py:644} INFO - Traceback (most recent call last):
[2025-05-03T19:04:01.354+0000] {spark_submit.py:644} INFO - File "/usr/lib/python2.7/runpy.py", line 163, in _run_module_as_main
[2025-05-03T19:04:01.355+0000] {spark_submit.py:644} INFO - mod_name, _Error)
[2025-05-03T19:04:01.355+0000] {spark_submit.py:644} INFO - File "/usr/lib/python2.7/runpy.py", line 102, in _get_module_details
[2025-05-03T19:04:01.355+0000] {spark_submit.py:644} INFO - loader = get_loader(mod_name)
[2025-05-03T19:04:01.355+0000] {spark_submit.py:644} INFO - File "/usr/lib/python2.7/pkgutil.py", line 462, in get_loader
[2025-05-03T19:04:01.355+0000] {spark_submit.py:644} INFO - return find_loader(fullname)
[2025-05-03T19:04:01.355+0000] {spark_submit.py:644} INFO - File "/usr/lib/python2.7/pkgutil.py", line 472, in find_loader
[2025-05-03T19:04:01.356+0000] {spark_submit.py:644} INFO - for importer in iter_importers(fullname):
[2025-05-03T19:04:01.356+0000] {spark_submit.py:644} INFO - File "/usr/lib/python2.7/pkgutil.py", line 428, in iter_importers
[2025-05-03T19:04:01.356+0000] {spark_submit.py:644} INFO - __import__(pkg)
[2025-05-03T19:04:01.357+0000] {spark_submit.py:644} INFO - File "/spark/python/lib/pyspark.zip/pyspark/__init__.py", line 71
[2025-05-03T19:04:01.357+0000] {spark_submit.py:644} INFO - def since(version: Union[str, float]) -> Callable[[F], F]:
[2025-05-03T19:04:01.357+0000] {spark_submit.py:644} INFO - ^
[2025-05-03T19:04:01.357+0000] {spark_submit.py:644} INFO - SyntaxError: invalid syntax
[2025-05-03T19:04:01.357+0000] {spark_submit.py:644} INFO - PYTHONPATH was:
[2025-05-03T19:04:01.358+0000] {spark_submit.py:644} INFO - /spark/python/lib/pyspark.zip:/spark/python/lib/py4j-0.10.9.5-src.zip:/spark/jars/spark-core_2.12-3.3.0.jar:/spark/python/lib/py4j-0.10.9.5-src.zip:/spark/python:
[2025-05-03T19:04:01.358+0000] {spark_submit.py:644} INFO - java.lang.NullPointerException
[2025-05-03T19:04:01.358+0000] {spark_submit.py:644} INFO - at org.apache.spark.errors.SparkCoreErrors$.eofExceptionWhileReadPortNumberError(SparkCoreErrors.scala:42)
[2025-05-03T19:04:01.358+0000] {spark_submit.py:644} INFO - at org.apache.spark.api.python.PythonWorkerFactory.startDaemon(PythonWorkerFactory.scala:223)
[2025-05-03T19:04:01.358+0000] {spark_submit.py:644} INFO - at org.apache.spark.api.python.PythonWorkerFactory.createThroughDaemon(PythonWorkerFactory.scala:134)
[2025-05-03T19:04:01.359+0000] {spark_submit.py:644} INFO - at org.apache.spark.api.python.PythonWorkerFactory.create(PythonWorkerFactory.scala:107)
[2025-05-03T19:04:01.359+0000] {spark_submit.py:644} INFO - at org.apache.spark.SparkEnv.createPythonWorker(SparkEnv.scala:124)
[2025-05-03T19:04:01.359+0000] {spark_submit.py:644} INFO - at org.apache.spark.api.python.BasePythonRunner.compute(PythonRunner.scala:164)
[2025-05-03T19:04:01.359+0000] {spark_submit.py:644} INFO - at org.apache.spark.sql.execution.python.BatchEvalPythonExec.evaluate(BatchEvalPythonExec.scala:81)
[2025-05-03T19:04:01.359+0000] {spark_submit.py:644} INFO - at org.apache.spark.sql.execution.python.EvalPythonExec.$anonfun$doExecute$2(EvalPythonExec.scala:130)
[2025-05-03T19:04:01.360+0000] {spark_submit.py:644} INFO - at org.apache.spark.rdd.RDD.$anonfun$mapPartitions$2(RDD.scala:855)
[2025-05-03T19:04:01.360+0000] {spark_submit.py:644} INFO - at org.apache.spark.rdd.RDD.$anonfun$mapPartitions$2$adapted(RDD.scala:855)
[2025-05-03T19:04:01.360+0000] {spark_submit.py:644} INFO - at org.apache.spark.rdd.MapPartitionsRDD.compute(MapPartitionsRDD.scala:52)
[2025-05-03T19:04:01.360+0000] {spark_submit.py:644} INFO - at org.apache.spark.rdd.RDD.computeOrReadCheckpoint(RDD.scala:365)
[2025-05-03T19:04:01.360+0000] {spark_submit.py:644} INFO - at org.apache.spark.rdd.RDD.iterator(RDD.scala:329)
[2025-05-03T19:04:01.361+0000] {spark_submit.py:644} INFO - at org.apache.spark.rdd.MapPartitionsRDD.compute(MapPartitionsRDD.scala:52)
[2025-05-03T19:04:01.361+0000] {spark_submit.py:644} INFO - at org.apache.spark.rdd.RDD.computeOrReadCheckpoint(RDD.scala:365)
[2025-05-03T19:04:01.361+0000] {spark_submit.py:644} INFO - at org.apache.spark.rdd.RDD.iterator(RDD.scala:329)
[2025-05-03T19:04:01.361+0000] {spark_submit.py:644} INFO - at org.apache.spark.scheduler.ResultTask.runTask(ResultTask.scala:90)
[2025-05-03T19:04:01.361+0000] {spark_submit.py:644} INFO - at org.apache.spark.scheduler.Task.run(Task.scala:136)
[2025-05-03T19:04:01.361+0000] {spark_submit.py:644} INFO - at org.apache.spark.executor.Executor$TaskRunner.$anonfun$run$3(Executor.scala:548)
[2025-05-03T19:04:01.361+0000] {spark_submit.py:644} INFO - at org.apache.spark.util.Utils$.tryWithSafeFinally(Utils.scala:1504)
[2025-05-03T19:04:01.362+0000] {spark_submit.py:644} INFO - at org.apache.spark.executor.Executor$TaskRunner.run(Executor.scala:551)
[2025-05-03T19:04:01.362+0000] {spark_submit.py:644} INFO - at java.util.concurrent.ThreadPoolExecutor.runWorker(ThreadPoolExecutor.java:1149)
[2025-05-03T19:04:01.362+0000] {spark_submit.py:644} INFO - at java.util.concurrent.ThreadPoolExecutor$Worker.run(ThreadPoolExecutor.java:624)
[2025-05-03T19:04:01.362+0000] {spark_submit.py:644} INFO - at java.lang.Thread.run(Thread.java:748)
[2025-05-03T19:04:01.362+0000] {spark_submit.py:644} INFO - 
[2025-05-03T19:04:01.362+0000] {spark_submit.py:644} INFO - 25/05/03 19:04:01 INFO TaskSetManager: Lost task 1.0 in stage 1.0 (TID 2) on 172.19.0.6, executor 0: org.apache.spark.SparkException (
[2025-05-03T19:04:01.363+0000] {spark_submit.py:644} INFO - Error from python worker:
[2025-05-03T19:04:01.363+0000] {spark_submit.py:644} INFO - Traceback (most recent call last):
[2025-05-03T19:04:01.363+0000] {spark_submit.py:644} INFO - File "/usr/lib/python2.7/runpy.py", line 163, in _run_module_as_main
[2025-05-03T19:04:01.363+0000] {spark_submit.py:644} INFO - mod_name, _Error)
[2025-05-03T19:04:01.363+0000] {spark_submit.py:644} INFO - File "/usr/lib/python2.7/runpy.py", line 102, in _get_module_details
[2025-05-03T19:04:01.363+0000] {spark_submit.py:644} INFO - loader = get_loader(mod_name)
[2025-05-03T19:04:01.363+0000] {spark_submit.py:644} INFO - File "/usr/lib/python2.7/pkgutil.py", line 462, in get_loader
[2025-05-03T19:04:01.363+0000] {spark_submit.py:644} INFO - return find_loader(fullname)
[2025-05-03T19:04:01.363+0000] {spark_submit.py:644} INFO - File "/usr/lib/python2.7/pkgutil.py", line 472, in find_loader
[2025-05-03T19:04:01.363+0000] {spark_submit.py:644} INFO - for importer in iter_importers(fullname):
[2025-05-03T19:04:01.364+0000] {spark_submit.py:644} INFO - File "/usr/lib/python2.7/pkgutil.py", line 428, in iter_importers
[2025-05-03T19:04:01.364+0000] {spark_submit.py:644} INFO - __import__(pkg)
[2025-05-03T19:04:01.364+0000] {spark_submit.py:644} INFO - File "/spark/python/lib/pyspark.zip/pyspark/__init__.py", line 71
[2025-05-03T19:04:01.364+0000] {spark_submit.py:644} INFO - def since(version: Union[str, float]) -> Callable[[F], F]:
[2025-05-03T19:04:01.364+0000] {spark_submit.py:644} INFO - ^
[2025-05-03T19:04:01.364+0000] {spark_submit.py:644} INFO - SyntaxError: invalid syntax
[2025-05-03T19:04:01.365+0000] {spark_submit.py:644} INFO - PYTHONPATH was:
[2025-05-03T19:04:01.365+0000] {spark_submit.py:644} INFO - /spark/python/lib/pyspark.zip:/spark/python/lib/py4j-0.10.9.5-src.zip:/spark/jars/spark-core_2.12-3.3.0.jar:/spark/python/lib/py4j-0.10.9.5-src.zip:/spark/python:
[2025-05-03T19:04:01.365+0000] {spark_submit.py:644} INFO - java.lang.NullPointerException) [duplicate 1]
[2025-05-03T19:04:01.365+0000] {spark_submit.py:644} INFO - 25/05/03 19:04:01 INFO TaskSetManager: Starting task 1.1 in stage 1.0 (TID 3) (172.19.0.6, executor 0, partition 1, PROCESS_LOCAL, 6277 bytes) taskResourceAssignments Map()
[2025-05-03T19:04:01.365+0000] {spark_submit.py:644} INFO - 25/05/03 19:04:01 INFO TaskSetManager: Starting task 0.1 in stage 1.0 (TID 4) (172.19.0.6, executor 0, partition 0, PROCESS_LOCAL, 6277 bytes) taskResourceAssignments Map()
[2025-05-03T19:04:01.437+0000] {spark_submit.py:644} INFO - 25/05/03 19:04:01 INFO TaskSetManager: Lost task 1.1 in stage 1.0 (TID 3) on 172.19.0.6, executor 0: org.apache.spark.SparkException (
[2025-05-03T19:04:01.437+0000] {spark_submit.py:644} INFO - Error from python worker:
[2025-05-03T19:04:01.438+0000] {spark_submit.py:644} INFO - Traceback (most recent call last):
[2025-05-03T19:04:01.438+0000] {spark_submit.py:644} INFO - File "/usr/lib/python2.7/runpy.py", line 163, in _run_module_as_main
[2025-05-03T19:04:01.438+0000] {spark_submit.py:644} INFO - mod_name, _Error)
[2025-05-03T19:04:01.438+0000] {spark_submit.py:644} INFO - File "/usr/lib/python2.7/runpy.py", line 102, in _get_module_details
[2025-05-03T19:04:01.438+0000] {spark_submit.py:644} INFO - loader = get_loader(mod_name)
[2025-05-03T19:04:01.438+0000] {spark_submit.py:644} INFO - File "/usr/lib/python2.7/pkgutil.py", line 462, in get_loader
[2025-05-03T19:04:01.439+0000] {spark_submit.py:644} INFO - return find_loader(fullname)
[2025-05-03T19:04:01.439+0000] {spark_submit.py:644} INFO - File "/usr/lib/python2.7/pkgutil.py", line 472, in find_loader
[2025-05-03T19:04:01.439+0000] {spark_submit.py:644} INFO - for importer in iter_importers(fullname):
[2025-05-03T19:04:01.439+0000] {spark_submit.py:644} INFO - File "/usr/lib/python2.7/pkgutil.py", line 428, in iter_importers
[2025-05-03T19:04:01.439+0000] {spark_submit.py:644} INFO - __import__(pkg)
[2025-05-03T19:04:01.439+0000] {spark_submit.py:644} INFO - File "/spark/python/lib/pyspark.zip/pyspark/__init__.py", line 71
[2025-05-03T19:04:01.439+0000] {spark_submit.py:644} INFO - def since(version: Union[str, float]) -> Callable[[F], F]:
[2025-05-03T19:04:01.440+0000] {spark_submit.py:644} INFO - ^
[2025-05-03T19:04:01.440+0000] {spark_submit.py:644} INFO - SyntaxError: invalid syntax
[2025-05-03T19:04:01.440+0000] {spark_submit.py:644} INFO - PYTHONPATH was:
[2025-05-03T19:04:01.440+0000] {spark_submit.py:644} INFO - /spark/python/lib/pyspark.zip:/spark/python/lib/py4j-0.10.9.5-src.zip:/spark/jars/spark-core_2.12-3.3.0.jar:/spark/python/lib/py4j-0.10.9.5-src.zip:/spark/python:
[2025-05-03T19:04:01.440+0000] {spark_submit.py:644} INFO - java.lang.NullPointerException) [duplicate 2]
[2025-05-03T19:04:01.444+0000] {spark_submit.py:644} INFO - 25/05/03 19:04:01 INFO TaskSetManager: Starting task 1.2 in stage 1.0 (TID 5) (172.19.0.6, executor 0, partition 1, PROCESS_LOCAL, 6277 bytes) taskResourceAssignments Map()
[2025-05-03T19:04:01.471+0000] {spark_submit.py:644} INFO - 25/05/03 19:04:01 INFO TaskSetManager: Lost task 0.1 in stage 1.0 (TID 4) on 172.19.0.6, executor 0: org.apache.spark.SparkException (
[2025-05-03T19:04:01.471+0000] {spark_submit.py:644} INFO - Error from python worker:
[2025-05-03T19:04:01.471+0000] {spark_submit.py:644} INFO - Traceback (most recent call last):
[2025-05-03T19:04:01.471+0000] {spark_submit.py:644} INFO - File "/usr/lib/python2.7/runpy.py", line 163, in _run_module_as_main
[2025-05-03T19:04:01.472+0000] {spark_submit.py:644} INFO - mod_name, _Error)
[2025-05-03T19:04:01.472+0000] {spark_submit.py:644} INFO - File "/usr/lib/python2.7/runpy.py", line 102, in _get_module_details
[2025-05-03T19:04:01.472+0000] {spark_submit.py:644} INFO - loader = get_loader(mod_name)
[2025-05-03T19:04:01.472+0000] {spark_submit.py:644} INFO - File "/usr/lib/python2.7/pkgutil.py", line 462, in get_loader
[2025-05-03T19:04:01.472+0000] {spark_submit.py:644} INFO - return find_loader(fullname)
[2025-05-03T19:04:01.472+0000] {spark_submit.py:644} INFO - File "/usr/lib/python2.7/pkgutil.py", line 472, in find_loader
[2025-05-03T19:04:01.472+0000] {spark_submit.py:644} INFO - for importer in iter_importers(fullname):
[2025-05-03T19:04:01.473+0000] {spark_submit.py:644} INFO - File "/usr/lib/python2.7/pkgutil.py", line 428, in iter_importers
[2025-05-03T19:04:01.479+0000] {spark_submit.py:644} INFO - __import__(pkg)
[2025-05-03T19:04:01.479+0000] {spark_submit.py:644} INFO - File "/spark/python/lib/pyspark.zip/pyspark/__init__.py", line 71
[2025-05-03T19:04:01.479+0000] {spark_submit.py:644} INFO - def since(version: Union[str, float]) -> Callable[[F], F]:
[2025-05-03T19:04:01.479+0000] {spark_submit.py:644} INFO - ^
[2025-05-03T19:04:01.479+0000] {spark_submit.py:644} INFO - SyntaxError: invalid syntax
[2025-05-03T19:04:01.480+0000] {spark_submit.py:644} INFO - PYTHONPATH was:
[2025-05-03T19:04:01.480+0000] {spark_submit.py:644} INFO - /spark/python/lib/pyspark.zip:/spark/python/lib/py4j-0.10.9.5-src.zip:/spark/jars/spark-core_2.12-3.3.0.jar:/spark/python/lib/py4j-0.10.9.5-src.zip:/spark/python:
[2025-05-03T19:04:01.480+0000] {spark_submit.py:644} INFO - java.lang.NullPointerException) [duplicate 3]
[2025-05-03T19:04:01.480+0000] {spark_submit.py:644} INFO - 25/05/03 19:04:01 INFO TaskSetManager: Starting task 0.2 in stage 1.0 (TID 6) (172.19.0.6, executor 0, partition 0, PROCESS_LOCAL, 6277 bytes) taskResourceAssignments Map()
[2025-05-03T19:04:01.515+0000] {spark_submit.py:644} INFO - 25/05/03 19:04:01 INFO TaskSetManager: Lost task 1.2 in stage 1.0 (TID 5) on 172.19.0.6, executor 0: org.apache.spark.SparkException (
[2025-05-03T19:04:01.515+0000] {spark_submit.py:644} INFO - Error from python worker:
[2025-05-03T19:04:01.516+0000] {spark_submit.py:644} INFO - Traceback (most recent call last):
[2025-05-03T19:04:01.516+0000] {spark_submit.py:644} INFO - File "/usr/lib/python2.7/runpy.py", line 163, in _run_module_as_main
[2025-05-03T19:04:01.516+0000] {spark_submit.py:644} INFO - mod_name, _Error)
[2025-05-03T19:04:01.516+0000] {spark_submit.py:644} INFO - File "/usr/lib/python2.7/runpy.py", line 102, in _get_module_details
[2025-05-03T19:04:01.516+0000] {spark_submit.py:644} INFO - loader = get_loader(mod_name)
[2025-05-03T19:04:01.517+0000] {spark_submit.py:644} INFO - File "/usr/lib/python2.7/pkgutil.py", line 462, in get_loader
[2025-05-03T19:04:01.517+0000] {spark_submit.py:644} INFO - return find_loader(fullname)
[2025-05-03T19:04:01.517+0000] {spark_submit.py:644} INFO - File "/usr/lib/python2.7/pkgutil.py", line 472, in find_loader
[2025-05-03T19:04:01.517+0000] {spark_submit.py:644} INFO - for importer in iter_importers(fullname):
[2025-05-03T19:04:01.517+0000] {spark_submit.py:644} INFO - File "/usr/lib/python2.7/pkgutil.py", line 428, in iter_importers
[2025-05-03T19:04:01.517+0000] {spark_submit.py:644} INFO - __import__(pkg)
[2025-05-03T19:04:01.518+0000] {spark_submit.py:644} INFO - File "/spark/python/lib/pyspark.zip/pyspark/__init__.py", line 71
[2025-05-03T19:04:01.518+0000] {spark_submit.py:644} INFO - def since(version: Union[str, float]) -> Callable[[F], F]:
[2025-05-03T19:04:01.518+0000] {spark_submit.py:644} INFO - ^
[2025-05-03T19:04:01.518+0000] {spark_submit.py:644} INFO - SyntaxError: invalid syntax
[2025-05-03T19:04:01.518+0000] {spark_submit.py:644} INFO - PYTHONPATH was:
[2025-05-03T19:04:01.518+0000] {spark_submit.py:644} INFO - /spark/python/lib/pyspark.zip:/spark/python/lib/py4j-0.10.9.5-src.zip:/spark/jars/spark-core_2.12-3.3.0.jar:/spark/python/lib/py4j-0.10.9.5-src.zip:/spark/python:
[2025-05-03T19:04:01.519+0000] {spark_submit.py:644} INFO - java.lang.NullPointerException) [duplicate 4]
[2025-05-03T19:04:01.519+0000] {spark_submit.py:644} INFO - 25/05/03 19:04:01 INFO TaskSetManager: Starting task 1.3 in stage 1.0 (TID 7) (172.19.0.6, executor 0, partition 1, PROCESS_LOCAL, 6277 bytes) taskResourceAssignments Map()
[2025-05-03T19:04:01.553+0000] {spark_submit.py:644} INFO - 25/05/03 19:04:01 INFO TaskSetManager: Lost task 0.2 in stage 1.0 (TID 6) on 172.19.0.6, executor 0: org.apache.spark.SparkException (
[2025-05-03T19:04:01.554+0000] {spark_submit.py:644} INFO - Error from python worker:
[2025-05-03T19:04:01.554+0000] {spark_submit.py:644} INFO - Traceback (most recent call last):
[2025-05-03T19:04:01.554+0000] {spark_submit.py:644} INFO - File "/usr/lib/python2.7/runpy.py", line 163, in _run_module_as_main
[2025-05-03T19:04:01.555+0000] {spark_submit.py:644} INFO - mod_name, _Error)
[2025-05-03T19:04:01.555+0000] {spark_submit.py:644} INFO - File "/usr/lib/python2.7/runpy.py", line 102, in _get_module_details
[2025-05-03T19:04:01.555+0000] {spark_submit.py:644} INFO - loader = get_loader(mod_name)
[2025-05-03T19:04:01.555+0000] {spark_submit.py:644} INFO - File "/usr/lib/python2.7/pkgutil.py", line 462, in get_loader
[2025-05-03T19:04:01.555+0000] {spark_submit.py:644} INFO - return find_loader(fullname)
[2025-05-03T19:04:01.555+0000] {spark_submit.py:644} INFO - File "/usr/lib/python2.7/pkgutil.py", line 472, in find_loader
[2025-05-03T19:04:01.555+0000] {spark_submit.py:644} INFO - for importer in iter_importers(fullname):
[2025-05-03T19:04:01.556+0000] {spark_submit.py:644} INFO - File "/usr/lib/python2.7/pkgutil.py", line 428, in iter_importers
[2025-05-03T19:04:01.556+0000] {spark_submit.py:644} INFO - __import__(pkg)
[2025-05-03T19:04:01.556+0000] {spark_submit.py:644} INFO - File "/spark/python/lib/pyspark.zip/pyspark/__init__.py", line 71
[2025-05-03T19:04:01.556+0000] {spark_submit.py:644} INFO - def since(version: Union[str, float]) -> Callable[[F], F]:
[2025-05-03T19:04:01.556+0000] {spark_submit.py:644} INFO - ^
[2025-05-03T19:04:01.556+0000] {spark_submit.py:644} INFO - SyntaxError: invalid syntax
[2025-05-03T19:04:01.556+0000] {spark_submit.py:644} INFO - PYTHONPATH was:
[2025-05-03T19:04:01.557+0000] {spark_submit.py:644} INFO - /spark/python/lib/pyspark.zip:/spark/python/lib/py4j-0.10.9.5-src.zip:/spark/jars/spark-core_2.12-3.3.0.jar:/spark/python/lib/py4j-0.10.9.5-src.zip:/spark/python:
[2025-05-03T19:04:01.557+0000] {spark_submit.py:644} INFO - java.lang.NullPointerException) [duplicate 5]
[2025-05-03T19:04:01.557+0000] {spark_submit.py:644} INFO - 25/05/03 19:04:01 INFO TaskSetManager: Starting task 0.3 in stage 1.0 (TID 8) (172.19.0.6, executor 0, partition 0, PROCESS_LOCAL, 6277 bytes) taskResourceAssignments Map()
[2025-05-03T19:04:01.590+0000] {spark_submit.py:644} INFO - 25/05/03 19:04:01 INFO TaskSetManager: Lost task 1.3 in stage 1.0 (TID 7) on 172.19.0.6, executor 0: org.apache.spark.SparkException (
[2025-05-03T19:04:01.591+0000] {spark_submit.py:644} INFO - Error from python worker:
[2025-05-03T19:04:01.591+0000] {spark_submit.py:644} INFO - Traceback (most recent call last):
[2025-05-03T19:04:01.591+0000] {spark_submit.py:644} INFO - File "/usr/lib/python2.7/runpy.py", line 163, in _run_module_as_main
[2025-05-03T19:04:01.591+0000] {spark_submit.py:644} INFO - mod_name, _Error)
[2025-05-03T19:04:01.591+0000] {spark_submit.py:644} INFO - File "/usr/lib/python2.7/runpy.py", line 102, in _get_module_details
[2025-05-03T19:04:01.592+0000] {spark_submit.py:644} INFO - loader = get_loader(mod_name)
[2025-05-03T19:04:01.592+0000] {spark_submit.py:644} INFO - File "/usr/lib/python2.7/pkgutil.py", line 462, in get_loader
[2025-05-03T19:04:01.592+0000] {spark_submit.py:644} INFO - return find_loader(fullname)
[2025-05-03T19:04:01.592+0000] {spark_submit.py:644} INFO - File "/usr/lib/python2.7/pkgutil.py", line 472, in find_loader
[2025-05-03T19:04:01.592+0000] {spark_submit.py:644} INFO - for importer in iter_importers(fullname):
[2025-05-03T19:04:01.593+0000] {spark_submit.py:644} INFO - File "/usr/lib/python2.7/pkgutil.py", line 428, in iter_importers
[2025-05-03T19:04:01.593+0000] {spark_submit.py:644} INFO - __import__(pkg)
[2025-05-03T19:04:01.593+0000] {spark_submit.py:644} INFO - File "/spark/python/lib/pyspark.zip/pyspark/__init__.py", line 71
[2025-05-03T19:04:01.593+0000] {spark_submit.py:644} INFO - def since(version: Union[str, float]) -> Callable[[F], F]:
[2025-05-03T19:04:01.593+0000] {spark_submit.py:644} INFO - ^
[2025-05-03T19:04:01.593+0000] {spark_submit.py:644} INFO - SyntaxError: invalid syntax
[2025-05-03T19:04:01.594+0000] {spark_submit.py:644} INFO - PYTHONPATH was:
[2025-05-03T19:04:01.594+0000] {spark_submit.py:644} INFO - /spark/python/lib/pyspark.zip:/spark/python/lib/py4j-0.10.9.5-src.zip:/spark/jars/spark-core_2.12-3.3.0.jar:/spark/python/lib/py4j-0.10.9.5-src.zip:/spark/python:
[2025-05-03T19:04:01.594+0000] {spark_submit.py:644} INFO - java.lang.NullPointerException) [duplicate 6]
[2025-05-03T19:04:01.594+0000] {spark_submit.py:644} INFO - 25/05/03 19:04:01 ERROR TaskSetManager: Task 1 in stage 1.0 failed 4 times; aborting job
[2025-05-03T19:04:01.594+0000] {spark_submit.py:644} INFO - 25/05/03 19:04:01 INFO TaskSchedulerImpl: Cancelling stage 1
[2025-05-03T19:04:01.595+0000] {spark_submit.py:644} INFO - 25/05/03 19:04:01 INFO TaskSchedulerImpl: Killing all running tasks in stage 1: Stage cancelled
[2025-05-03T19:04:01.599+0000] {spark_submit.py:644} INFO - 25/05/03 19:04:01 INFO TaskSchedulerImpl: Stage 1 was cancelled
[2025-05-03T19:04:01.599+0000] {spark_submit.py:644} INFO - 25/05/03 19:04:01 INFO DAGScheduler: ResultStage 1 (parquet at NativeMethodAccessorImpl.java:0) failed in 2.126 s due to Job aborted due to stage failure: Task 1 in stage 1.0 failed 4 times, most recent failure: Lost task 1.3 in stage 1.0 (TID 7) (172.19.0.6 executor 0): org.apache.spark.SparkException:
[2025-05-03T19:04:01.600+0000] {spark_submit.py:644} INFO - Error from python worker:
[2025-05-03T19:04:01.600+0000] {spark_submit.py:644} INFO - Traceback (most recent call last):
[2025-05-03T19:04:01.600+0000] {spark_submit.py:644} INFO - File "/usr/lib/python2.7/runpy.py", line 163, in _run_module_as_main
[2025-05-03T19:04:01.600+0000] {spark_submit.py:644} INFO - mod_name, _Error)
[2025-05-03T19:04:01.600+0000] {spark_submit.py:644} INFO - File "/usr/lib/python2.7/runpy.py", line 102, in _get_module_details
[2025-05-03T19:04:01.600+0000] {spark_submit.py:644} INFO - loader = get_loader(mod_name)
[2025-05-03T19:04:01.601+0000] {spark_submit.py:644} INFO - File "/usr/lib/python2.7/pkgutil.py", line 462, in get_loader
[2025-05-03T19:04:01.601+0000] {spark_submit.py:644} INFO - return find_loader(fullname)
[2025-05-03T19:04:01.601+0000] {spark_submit.py:644} INFO - File "/usr/lib/python2.7/pkgutil.py", line 472, in find_loader
[2025-05-03T19:04:01.601+0000] {spark_submit.py:644} INFO - for importer in iter_importers(fullname):
[2025-05-03T19:04:01.601+0000] {spark_submit.py:644} INFO - File "/usr/lib/python2.7/pkgutil.py", line 428, in iter_importers
[2025-05-03T19:04:01.601+0000] {spark_submit.py:644} INFO - __import__(pkg)
[2025-05-03T19:04:01.601+0000] {spark_submit.py:644} INFO - File "/spark/python/lib/pyspark.zip/pyspark/__init__.py", line 71
[2025-05-03T19:04:01.602+0000] {spark_submit.py:644} INFO - def since(version: Union[str, float]) -> Callable[[F], F]:
[2025-05-03T19:04:01.602+0000] {spark_submit.py:644} INFO - ^
[2025-05-03T19:04:01.602+0000] {spark_submit.py:644} INFO - SyntaxError: invalid syntax
[2025-05-03T19:04:01.602+0000] {spark_submit.py:644} INFO - PYTHONPATH was:
[2025-05-03T19:04:01.602+0000] {spark_submit.py:644} INFO - /spark/python/lib/pyspark.zip:/spark/python/lib/py4j-0.10.9.5-src.zip:/spark/jars/spark-core_2.12-3.3.0.jar:/spark/python/lib/py4j-0.10.9.5-src.zip:/spark/python:
[2025-05-03T19:04:01.602+0000] {spark_submit.py:644} INFO - java.lang.NullPointerException
[2025-05-03T19:04:01.602+0000] {spark_submit.py:644} INFO - at org.apache.spark.errors.SparkCoreErrors$.eofExceptionWhileReadPortNumberError(SparkCoreErrors.scala:42)
[2025-05-03T19:04:01.603+0000] {spark_submit.py:644} INFO - at org.apache.spark.api.python.PythonWorkerFactory.startDaemon(PythonWorkerFactory.scala:223)
[2025-05-03T19:04:01.603+0000] {spark_submit.py:644} INFO - at org.apache.spark.api.python.PythonWorkerFactory.createThroughDaemon(PythonWorkerFactory.scala:134)
[2025-05-03T19:04:01.603+0000] {spark_submit.py:644} INFO - at org.apache.spark.api.python.PythonWorkerFactory.create(PythonWorkerFactory.scala:107)
[2025-05-03T19:04:01.603+0000] {spark_submit.py:644} INFO - at org.apache.spark.SparkEnv.createPythonWorker(SparkEnv.scala:124)
[2025-05-03T19:04:01.603+0000] {spark_submit.py:644} INFO - at org.apache.spark.api.python.BasePythonRunner.compute(PythonRunner.scala:164)
[2025-05-03T19:04:01.603+0000] {spark_submit.py:644} INFO - at org.apache.spark.sql.execution.python.BatchEvalPythonExec.evaluate(BatchEvalPythonExec.scala:81)
[2025-05-03T19:04:01.604+0000] {spark_submit.py:644} INFO - at org.apache.spark.sql.execution.python.EvalPythonExec.$anonfun$doExecute$2(EvalPythonExec.scala:130)
[2025-05-03T19:04:01.607+0000] {spark_submit.py:644} INFO - at org.apache.spark.rdd.RDD.$anonfun$mapPartitions$2(RDD.scala:855)
[2025-05-03T19:04:01.607+0000] {spark_submit.py:644} INFO - at org.apache.spark.rdd.RDD.$anonfun$mapPartitions$2$adapted(RDD.scala:855)
[2025-05-03T19:04:01.607+0000] {spark_submit.py:644} INFO - at org.apache.spark.rdd.MapPartitionsRDD.compute(MapPartitionsRDD.scala:52)
[2025-05-03T19:04:01.607+0000] {spark_submit.py:644} INFO - at org.apache.spark.rdd.RDD.computeOrReadCheckpoint(RDD.scala:365)
[2025-05-03T19:04:01.607+0000] {spark_submit.py:644} INFO - at org.apache.spark.rdd.RDD.iterator(RDD.scala:329)
[2025-05-03T19:04:01.607+0000] {spark_submit.py:644} INFO - at org.apache.spark.rdd.MapPartitionsRDD.compute(MapPartitionsRDD.scala:52)
[2025-05-03T19:04:01.607+0000] {spark_submit.py:644} INFO - at org.apache.spark.rdd.RDD.computeOrReadCheckpoint(RDD.scala:365)
[2025-05-03T19:04:01.608+0000] {spark_submit.py:644} INFO - at org.apache.spark.rdd.RDD.iterator(RDD.scala:329)
[2025-05-03T19:04:01.608+0000] {spark_submit.py:644} INFO - at org.apache.spark.scheduler.ResultTask.runTask(ResultTask.scala:90)
[2025-05-03T19:04:01.608+0000] {spark_submit.py:644} INFO - at org.apache.spark.scheduler.Task.run(Task.scala:136)
[2025-05-03T19:04:01.608+0000] {spark_submit.py:644} INFO - at org.apache.spark.executor.Executor$TaskRunner.$anonfun$run$3(Executor.scala:548)
[2025-05-03T19:04:01.608+0000] {spark_submit.py:644} INFO - at org.apache.spark.util.Utils$.tryWithSafeFinally(Utils.scala:1504)
[2025-05-03T19:04:01.608+0000] {spark_submit.py:644} INFO - at org.apache.spark.executor.Executor$TaskRunner.run(Executor.scala:551)
[2025-05-03T19:04:01.609+0000] {spark_submit.py:644} INFO - at java.util.concurrent.ThreadPoolExecutor.runWorker(ThreadPoolExecutor.java:1149)
[2025-05-03T19:04:01.609+0000] {spark_submit.py:644} INFO - at java.util.concurrent.ThreadPoolExecutor$Worker.run(ThreadPoolExecutor.java:624)
[2025-05-03T19:04:01.609+0000] {spark_submit.py:644} INFO - at java.lang.Thread.run(Thread.java:748)
[2025-05-03T19:04:01.609+0000] {spark_submit.py:644} INFO - 
[2025-05-03T19:04:01.609+0000] {spark_submit.py:644} INFO - Driver stacktrace:
[2025-05-03T19:04:01.609+0000] {spark_submit.py:644} INFO - 25/05/03 19:04:01 INFO DAGScheduler: Job 1 failed: parquet at NativeMethodAccessorImpl.java:0, took 2.138818 s
[2025-05-03T19:04:01.609+0000] {spark_submit.py:644} INFO - 25/05/03 19:04:01 ERROR FileFormatWriter: Aborting job 7ce15dd0-f340-4ae7-a66f-61a3959dc061.
[2025-05-03T19:04:01.610+0000] {spark_submit.py:644} INFO - org.apache.spark.SparkException: Job aborted due to stage failure: Task 1 in stage 1.0 failed 4 times, most recent failure: Lost task 1.3 in stage 1.0 (TID 7) (172.19.0.6 executor 0): org.apache.spark.SparkException:
[2025-05-03T19:04:01.610+0000] {spark_submit.py:644} INFO - Error from python worker:
[2025-05-03T19:04:01.612+0000] {spark_submit.py:644} INFO - Traceback (most recent call last):
[2025-05-03T19:04:01.612+0000] {spark_submit.py:644} INFO - File "/usr/lib/python2.7/runpy.py", line 163, in _run_module_as_main
[2025-05-03T19:04:01.613+0000] {spark_submit.py:644} INFO - mod_name, _Error)
[2025-05-03T19:04:01.613+0000] {spark_submit.py:644} INFO - File "/usr/lib/python2.7/runpy.py", line 102, in _get_module_details
[2025-05-03T19:04:01.613+0000] {spark_submit.py:644} INFO - loader = get_loader(mod_name)
[2025-05-03T19:04:01.613+0000] {spark_submit.py:644} INFO - File "/usr/lib/python2.7/pkgutil.py", line 462, in get_loader
[2025-05-03T19:04:01.613+0000] {spark_submit.py:644} INFO - return find_loader(fullname)
[2025-05-03T19:04:01.614+0000] {spark_submit.py:644} INFO - File "/usr/lib/python2.7/pkgutil.py", line 472, in find_loader
[2025-05-03T19:04:01.614+0000] {spark_submit.py:644} INFO - for importer in iter_importers(fullname):
[2025-05-03T19:04:01.614+0000] {spark_submit.py:644} INFO - File "/usr/lib/python2.7/pkgutil.py", line 428, in iter_importers
[2025-05-03T19:04:01.614+0000] {spark_submit.py:644} INFO - __import__(pkg)
[2025-05-03T19:04:01.614+0000] {spark_submit.py:644} INFO - File "/spark/python/lib/pyspark.zip/pyspark/__init__.py", line 71
[2025-05-03T19:04:01.614+0000] {spark_submit.py:644} INFO - def since(version: Union[str, float]) -> Callable[[F], F]:
[2025-05-03T19:04:01.615+0000] {spark_submit.py:644} INFO - ^
[2025-05-03T19:04:01.615+0000] {spark_submit.py:644} INFO - SyntaxError: invalid syntax
[2025-05-03T19:04:01.615+0000] {spark_submit.py:644} INFO - PYTHONPATH was:
[2025-05-03T19:04:01.615+0000] {spark_submit.py:644} INFO - /spark/python/lib/pyspark.zip:/spark/python/lib/py4j-0.10.9.5-src.zip:/spark/jars/spark-core_2.12-3.3.0.jar:/spark/python/lib/py4j-0.10.9.5-src.zip:/spark/python:
[2025-05-03T19:04:01.615+0000] {spark_submit.py:644} INFO - java.lang.NullPointerException
[2025-05-03T19:04:01.615+0000] {spark_submit.py:644} INFO - at org.apache.spark.errors.SparkCoreErrors$.eofExceptionWhileReadPortNumberError(SparkCoreErrors.scala:42)
[2025-05-03T19:04:01.615+0000] {spark_submit.py:644} INFO - at org.apache.spark.api.python.PythonWorkerFactory.startDaemon(PythonWorkerFactory.scala:223)
[2025-05-03T19:04:01.616+0000] {spark_submit.py:644} INFO - at org.apache.spark.api.python.PythonWorkerFactory.createThroughDaemon(PythonWorkerFactory.scala:134)
[2025-05-03T19:04:01.616+0000] {spark_submit.py:644} INFO - at org.apache.spark.api.python.PythonWorkerFactory.create(PythonWorkerFactory.scala:107)
[2025-05-03T19:04:01.616+0000] {spark_submit.py:644} INFO - at org.apache.spark.SparkEnv.createPythonWorker(SparkEnv.scala:124)
[2025-05-03T19:04:01.616+0000] {spark_submit.py:644} INFO - at org.apache.spark.api.python.BasePythonRunner.compute(PythonRunner.scala:164)
[2025-05-03T19:04:01.616+0000] {spark_submit.py:644} INFO - at org.apache.spark.sql.execution.python.BatchEvalPythonExec.evaluate(BatchEvalPythonExec.scala:81)
[2025-05-03T19:04:01.616+0000] {spark_submit.py:644} INFO - at org.apache.spark.sql.execution.python.EvalPythonExec.$anonfun$doExecute$2(EvalPythonExec.scala:130)
[2025-05-03T19:04:01.617+0000] {spark_submit.py:644} INFO - at org.apache.spark.rdd.RDD.$anonfun$mapPartitions$2(RDD.scala:855)
[2025-05-03T19:04:01.617+0000] {spark_submit.py:644} INFO - at org.apache.spark.rdd.RDD.$anonfun$mapPartitions$2$adapted(RDD.scala:855)
[2025-05-03T19:04:01.617+0000] {spark_submit.py:644} INFO - at org.apache.spark.rdd.MapPartitionsRDD.compute(MapPartitionsRDD.scala:52)
[2025-05-03T19:04:01.617+0000] {spark_submit.py:644} INFO - at org.apache.spark.rdd.RDD.computeOrReadCheckpoint(RDD.scala:365)
[2025-05-03T19:04:01.617+0000] {spark_submit.py:644} INFO - at org.apache.spark.rdd.RDD.iterator(RDD.scala:329)
[2025-05-03T19:04:01.617+0000] {spark_submit.py:644} INFO - at org.apache.spark.rdd.MapPartitionsRDD.compute(MapPartitionsRDD.scala:52)
[2025-05-03T19:04:01.618+0000] {spark_submit.py:644} INFO - at org.apache.spark.rdd.RDD.computeOrReadCheckpoint(RDD.scala:365)
[2025-05-03T19:04:01.618+0000] {spark_submit.py:644} INFO - at org.apache.spark.rdd.RDD.iterator(RDD.scala:329)
[2025-05-03T19:04:01.618+0000] {spark_submit.py:644} INFO - at org.apache.spark.scheduler.ResultTask.runTask(ResultTask.scala:90)
[2025-05-03T19:04:01.618+0000] {spark_submit.py:644} INFO - at org.apache.spark.scheduler.Task.run(Task.scala:136)
[2025-05-03T19:04:01.618+0000] {spark_submit.py:644} INFO - at org.apache.spark.executor.Executor$TaskRunner.$anonfun$run$3(Executor.scala:548)
[2025-05-03T19:04:01.618+0000] {spark_submit.py:644} INFO - at org.apache.spark.util.Utils$.tryWithSafeFinally(Utils.scala:1504)
[2025-05-03T19:04:01.619+0000] {spark_submit.py:644} INFO - at org.apache.spark.executor.Executor$TaskRunner.run(Executor.scala:551)
[2025-05-03T19:04:01.619+0000] {spark_submit.py:644} INFO - at java.util.concurrent.ThreadPoolExecutor.runWorker(ThreadPoolExecutor.java:1149)
[2025-05-03T19:04:01.619+0000] {spark_submit.py:644} INFO - at java.util.concurrent.ThreadPoolExecutor$Worker.run(ThreadPoolExecutor.java:624)
[2025-05-03T19:04:01.619+0000] {spark_submit.py:644} INFO - at java.lang.Thread.run(Thread.java:748)
[2025-05-03T19:04:01.619+0000] {spark_submit.py:644} INFO - 
[2025-05-03T19:04:01.619+0000] {spark_submit.py:644} INFO - Driver stacktrace:
[2025-05-03T19:04:01.620+0000] {spark_submit.py:644} INFO - at org.apache.spark.scheduler.DAGScheduler.failJobAndIndependentStages(DAGScheduler.scala:2672)
[2025-05-03T19:04:01.620+0000] {spark_submit.py:644} INFO - at org.apache.spark.scheduler.DAGScheduler.$anonfun$abortStage$2(DAGScheduler.scala:2608)
[2025-05-03T19:04:01.620+0000] {spark_submit.py:644} INFO - at org.apache.spark.scheduler.DAGScheduler.$anonfun$abortStage$2$adapted(DAGScheduler.scala:2607)
[2025-05-03T19:04:01.620+0000] {spark_submit.py:644} INFO - at scala.collection.mutable.ResizableArray.foreach(ResizableArray.scala:62)
[2025-05-03T19:04:01.620+0000] {spark_submit.py:644} INFO - at scala.collection.mutable.ResizableArray.foreach$(ResizableArray.scala:55)
[2025-05-03T19:04:01.620+0000] {spark_submit.py:644} INFO - at scala.collection.mutable.ArrayBuffer.foreach(ArrayBuffer.scala:49)
[2025-05-03T19:04:01.620+0000] {spark_submit.py:644} INFO - at org.apache.spark.scheduler.DAGScheduler.abortStage(DAGScheduler.scala:2607)
[2025-05-03T19:04:01.620+0000] {spark_submit.py:644} INFO - at org.apache.spark.scheduler.DAGScheduler.$anonfun$handleTaskSetFailed$1(DAGScheduler.scala:1182)
[2025-05-03T19:04:01.621+0000] {spark_submit.py:644} INFO - at org.apache.spark.scheduler.DAGScheduler.$anonfun$handleTaskSetFailed$1$adapted(DAGScheduler.scala:1182)
[2025-05-03T19:04:01.621+0000] {spark_submit.py:644} INFO - at scala.Option.foreach(Option.scala:407)
[2025-05-03T19:04:01.621+0000] {spark_submit.py:644} INFO - at org.apache.spark.scheduler.DAGScheduler.handleTaskSetFailed(DAGScheduler.scala:1182)
[2025-05-03T19:04:01.621+0000] {spark_submit.py:644} INFO - at org.apache.spark.scheduler.DAGSchedulerEventProcessLoop.doOnReceive(DAGScheduler.scala:2860)
[2025-05-03T19:04:01.621+0000] {spark_submit.py:644} INFO - at org.apache.spark.scheduler.DAGSchedulerEventProcessLoop.onReceive(DAGScheduler.scala:2802)
[2025-05-03T19:04:01.621+0000] {spark_submit.py:644} INFO - at org.apache.spark.scheduler.DAGSchedulerEventProcessLoop.onReceive(DAGScheduler.scala:2791)
[2025-05-03T19:04:01.621+0000] {spark_submit.py:644} INFO - at org.apache.spark.util.EventLoop$$anon$1.run(EventLoop.scala:49)
[2025-05-03T19:04:01.622+0000] {spark_submit.py:644} INFO - at org.apache.spark.scheduler.DAGScheduler.runJob(DAGScheduler.scala:952)
[2025-05-03T19:04:01.622+0000] {spark_submit.py:644} INFO - at org.apache.spark.SparkContext.runJob(SparkContext.scala:2228)
[2025-05-03T19:04:01.622+0000] {spark_submit.py:644} INFO - at org.apache.spark.sql.execution.datasources.FileFormatWriter$.write(FileFormatWriter.scala:245)
[2025-05-03T19:04:01.622+0000] {spark_submit.py:644} INFO - at org.apache.spark.sql.execution.datasources.InsertIntoHadoopFsRelationCommand.run(InsertIntoHadoopFsRelationCommand.scala:186)
[2025-05-03T19:04:01.623+0000] {spark_submit.py:644} INFO - at org.apache.spark.sql.execution.command.DataWritingCommandExec.sideEffectResult$lzycompute(commands.scala:113)
[2025-05-03T19:04:01.623+0000] {spark_submit.py:644} INFO - at org.apache.spark.sql.execution.command.DataWritingCommandExec.sideEffectResult(commands.scala:111)
[2025-05-03T19:04:01.623+0000] {spark_submit.py:644} INFO - at org.apache.spark.sql.execution.command.DataWritingCommandExec.executeCollect(commands.scala:125)
[2025-05-03T19:04:01.623+0000] {spark_submit.py:644} INFO - at org.apache.spark.sql.execution.QueryExecution$$anonfun$eagerlyExecuteCommands$1.$anonfun$applyOrElse$1(QueryExecution.scala:98)
[2025-05-03T19:04:01.623+0000] {spark_submit.py:644} INFO - at org.apache.spark.sql.execution.SQLExecution$.$anonfun$withNewExecutionId$6(SQLExecution.scala:109)
[2025-05-03T19:04:01.623+0000] {spark_submit.py:644} INFO - at org.apache.spark.sql.execution.SQLExecution$.withSQLConfPropagated(SQLExecution.scala:169)
[2025-05-03T19:04:01.624+0000] {spark_submit.py:644} INFO - at org.apache.spark.sql.execution.SQLExecution$.$anonfun$withNewExecutionId$1(SQLExecution.scala:95)
[2025-05-03T19:04:01.624+0000] {spark_submit.py:644} INFO - at org.apache.spark.sql.SparkSession.withActive(SparkSession.scala:779)
[2025-05-03T19:04:01.624+0000] {spark_submit.py:644} INFO - at org.apache.spark.sql.execution.SQLExecution$.withNewExecutionId(SQLExecution.scala:64)
[2025-05-03T19:04:01.624+0000] {spark_submit.py:644} INFO - at org.apache.spark.sql.execution.QueryExecution$$anonfun$eagerlyExecuteCommands$1.applyOrElse(QueryExecution.scala:98)
[2025-05-03T19:04:01.624+0000] {spark_submit.py:644} INFO - at org.apache.spark.sql.execution.QueryExecution$$anonfun$eagerlyExecuteCommands$1.applyOrElse(QueryExecution.scala:94)
[2025-05-03T19:04:01.624+0000] {spark_submit.py:644} INFO - at org.apache.spark.sql.catalyst.trees.TreeNode.$anonfun$transformDownWithPruning$1(TreeNode.scala:584)
[2025-05-03T19:04:01.624+0000] {spark_submit.py:644} INFO - at org.apache.spark.sql.catalyst.trees.CurrentOrigin$.withOrigin(TreeNode.scala:176)
[2025-05-03T19:04:01.624+0000] {spark_submit.py:644} INFO - at org.apache.spark.sql.catalyst.trees.TreeNode.transformDownWithPruning(TreeNode.scala:584)
[2025-05-03T19:04:01.625+0000] {spark_submit.py:644} INFO - at org.apache.spark.sql.catalyst.plans.logical.LogicalPlan.org$apache$spark$sql$catalyst$plans$logical$AnalysisHelper$$super$transformDownWithPruning(LogicalPlan.scala:30)
[2025-05-03T19:04:01.625+0000] {spark_submit.py:644} INFO - at org.apache.spark.sql.catalyst.plans.logical.AnalysisHelper.transformDownWithPruning(AnalysisHelper.scala:267)
[2025-05-03T19:04:01.625+0000] {spark_submit.py:644} INFO - at org.apache.spark.sql.catalyst.plans.logical.AnalysisHelper.transformDownWithPruning$(AnalysisHelper.scala:263)
[2025-05-03T19:04:01.625+0000] {spark_submit.py:644} INFO - at org.apache.spark.sql.catalyst.plans.logical.LogicalPlan.transformDownWithPruning(LogicalPlan.scala:30)
[2025-05-03T19:04:01.625+0000] {spark_submit.py:644} INFO - at org.apache.spark.sql.catalyst.plans.logical.LogicalPlan.transformDownWithPruning(LogicalPlan.scala:30)
[2025-05-03T19:04:01.625+0000] {spark_submit.py:644} INFO - at org.apache.spark.sql.catalyst.trees.TreeNode.transformDown(TreeNode.scala:560)
[2025-05-03T19:04:01.625+0000] {spark_submit.py:644} INFO - at org.apache.spark.sql.execution.QueryExecution.eagerlyExecuteCommands(QueryExecution.scala:94)
[2025-05-03T19:04:01.626+0000] {spark_submit.py:644} INFO - at org.apache.spark.sql.execution.QueryExecution.commandExecuted$lzycompute(QueryExecution.scala:81)
[2025-05-03T19:04:01.626+0000] {spark_submit.py:644} INFO - at org.apache.spark.sql.execution.QueryExecution.commandExecuted(QueryExecution.scala:79)
[2025-05-03T19:04:01.626+0000] {spark_submit.py:644} INFO - at org.apache.spark.sql.execution.QueryExecution.assertCommandExecuted(QueryExecution.scala:116)
[2025-05-03T19:04:01.626+0000] {spark_submit.py:644} INFO - at org.apache.spark.sql.DataFrameWriter.runCommand(DataFrameWriter.scala:860)
[2025-05-03T19:04:01.626+0000] {spark_submit.py:644} INFO - at org.apache.spark.sql.DataFrameWriter.saveToV1Source(DataFrameWriter.scala:390)
[2025-05-03T19:04:01.626+0000] {spark_submit.py:644} INFO - at org.apache.spark.sql.DataFrameWriter.saveInternal(DataFrameWriter.scala:363)
[2025-05-03T19:04:01.626+0000] {spark_submit.py:644} INFO - at org.apache.spark.sql.DataFrameWriter.save(DataFrameWriter.scala:239)
[2025-05-03T19:04:01.627+0000] {spark_submit.py:644} INFO - at org.apache.spark.sql.DataFrameWriter.parquet(DataFrameWriter.scala:793)
[2025-05-03T19:04:01.627+0000] {spark_submit.py:644} INFO - at java.base/jdk.internal.reflect.NativeMethodAccessorImpl.invoke0(Native Method)
[2025-05-03T19:04:01.627+0000] {spark_submit.py:644} INFO - at java.base/jdk.internal.reflect.NativeMethodAccessorImpl.invoke(NativeMethodAccessorImpl.java:77)
[2025-05-03T19:04:01.627+0000] {spark_submit.py:644} INFO - at java.base/jdk.internal.reflect.DelegatingMethodAccessorImpl.invoke(DelegatingMethodAccessorImpl.java:43)
[2025-05-03T19:04:01.627+0000] {spark_submit.py:644} INFO - at java.base/java.lang.reflect.Method.invoke(Method.java:569)
[2025-05-03T19:04:01.628+0000] {spark_submit.py:644} INFO - at py4j.reflection.MethodInvoker.invoke(MethodInvoker.java:244)
[2025-05-03T19:04:01.628+0000] {spark_submit.py:644} INFO - at py4j.reflection.ReflectionEngine.invoke(ReflectionEngine.java:357)
[2025-05-03T19:04:01.628+0000] {spark_submit.py:644} INFO - at py4j.Gateway.invoke(Gateway.java:282)
[2025-05-03T19:04:01.628+0000] {spark_submit.py:644} INFO - at py4j.commands.AbstractCommand.invokeMethod(AbstractCommand.java:132)
[2025-05-03T19:04:01.628+0000] {spark_submit.py:644} INFO - at py4j.commands.CallCommand.execute(CallCommand.java:79)
[2025-05-03T19:04:01.628+0000] {spark_submit.py:644} INFO - at py4j.ClientServerConnection.waitForCommands(ClientServerConnection.java:182)
[2025-05-03T19:04:01.628+0000] {spark_submit.py:644} INFO - at py4j.ClientServerConnection.run(ClientServerConnection.java:106)
[2025-05-03T19:04:01.629+0000] {spark_submit.py:644} INFO - at java.base/java.lang.Thread.run(Thread.java:840)
[2025-05-03T19:04:01.629+0000] {spark_submit.py:644} INFO - Caused by: org.apache.spark.SparkException:
[2025-05-03T19:04:01.630+0000] {spark_submit.py:644} INFO - Error from python worker:
[2025-05-03T19:04:01.630+0000] {spark_submit.py:644} INFO - Traceback (most recent call last):
[2025-05-03T19:04:01.630+0000] {spark_submit.py:644} INFO - File "/usr/lib/python2.7/runpy.py", line 163, in _run_module_as_main
[2025-05-03T19:04:01.630+0000] {spark_submit.py:644} INFO - mod_name, _Error)
[2025-05-03T19:04:01.630+0000] {spark_submit.py:644} INFO - File "/usr/lib/python2.7/runpy.py", line 102, in _get_module_details
[2025-05-03T19:04:01.630+0000] {spark_submit.py:644} INFO - loader = get_loader(mod_name)
[2025-05-03T19:04:01.631+0000] {spark_submit.py:644} INFO - File "/usr/lib/python2.7/pkgutil.py", line 462, in get_loader
[2025-05-03T19:04:01.631+0000] {spark_submit.py:644} INFO - return find_loader(fullname)
[2025-05-03T19:04:01.631+0000] {spark_submit.py:644} INFO - File "/usr/lib/python2.7/pkgutil.py", line 472, in find_loader
[2025-05-03T19:04:01.631+0000] {spark_submit.py:644} INFO - for importer in iter_importers(fullname):
[2025-05-03T19:04:01.631+0000] {spark_submit.py:644} INFO - File "/usr/lib/python2.7/pkgutil.py", line 428, in iter_importers
[2025-05-03T19:04:01.631+0000] {spark_submit.py:644} INFO - __import__(pkg)
[2025-05-03T19:04:01.631+0000] {spark_submit.py:644} INFO - File "/spark/python/lib/pyspark.zip/pyspark/__init__.py", line 71
[2025-05-03T19:04:01.632+0000] {spark_submit.py:644} INFO - def since(version: Union[str, float]) -> Callable[[F], F]:
[2025-05-03T19:04:01.632+0000] {spark_submit.py:644} INFO - ^
[2025-05-03T19:04:01.632+0000] {spark_submit.py:644} INFO - SyntaxError: invalid syntax
[2025-05-03T19:04:01.632+0000] {spark_submit.py:644} INFO - PYTHONPATH was:
[2025-05-03T19:04:01.632+0000] {spark_submit.py:644} INFO - /spark/python/lib/pyspark.zip:/spark/python/lib/py4j-0.10.9.5-src.zip:/spark/jars/spark-core_2.12-3.3.0.jar:/spark/python/lib/py4j-0.10.9.5-src.zip:/spark/python:
[2025-05-03T19:04:01.632+0000] {spark_submit.py:644} INFO - java.lang.NullPointerException
[2025-05-03T19:04:01.633+0000] {spark_submit.py:644} INFO - at org.apache.spark.errors.SparkCoreErrors$.eofExceptionWhileReadPortNumberError(SparkCoreErrors.scala:42)
[2025-05-03T19:04:01.633+0000] {spark_submit.py:644} INFO - at org.apache.spark.api.python.PythonWorkerFactory.startDaemon(PythonWorkerFactory.scala:223)
[2025-05-03T19:04:01.633+0000] {spark_submit.py:644} INFO - at org.apache.spark.api.python.PythonWorkerFactory.createThroughDaemon(PythonWorkerFactory.scala:134)
[2025-05-03T19:04:01.633+0000] {spark_submit.py:644} INFO - at org.apache.spark.api.python.PythonWorkerFactory.create(PythonWorkerFactory.scala:107)
[2025-05-03T19:04:01.633+0000] {spark_submit.py:644} INFO - at org.apache.spark.SparkEnv.createPythonWorker(SparkEnv.scala:124)
[2025-05-03T19:04:01.634+0000] {spark_submit.py:644} INFO - at org.apache.spark.api.python.BasePythonRunner.compute(PythonRunner.scala:164)
[2025-05-03T19:04:01.634+0000] {spark_submit.py:644} INFO - at org.apache.spark.sql.execution.python.BatchEvalPythonExec.evaluate(BatchEvalPythonExec.scala:81)
[2025-05-03T19:04:01.634+0000] {spark_submit.py:644} INFO - at org.apache.spark.sql.execution.python.EvalPythonExec.$anonfun$doExecute$2(EvalPythonExec.scala:130)
[2025-05-03T19:04:01.634+0000] {spark_submit.py:644} INFO - at org.apache.spark.rdd.RDD.$anonfun$mapPartitions$2(RDD.scala:855)
[2025-05-03T19:04:01.634+0000] {spark_submit.py:644} INFO - at org.apache.spark.rdd.RDD.$anonfun$mapPartitions$2$adapted(RDD.scala:855)
[2025-05-03T19:04:01.634+0000] {spark_submit.py:644} INFO - at org.apache.spark.rdd.MapPartitionsRDD.compute(MapPartitionsRDD.scala:52)
[2025-05-03T19:04:01.635+0000] {spark_submit.py:644} INFO - at org.apache.spark.rdd.RDD.computeOrReadCheckpoint(RDD.scala:365)
[2025-05-03T19:04:01.635+0000] {spark_submit.py:644} INFO - at org.apache.spark.rdd.RDD.iterator(RDD.scala:329)
[2025-05-03T19:04:01.635+0000] {spark_submit.py:644} INFO - at org.apache.spark.rdd.MapPartitionsRDD.compute(MapPartitionsRDD.scala:52)
[2025-05-03T19:04:01.635+0000] {spark_submit.py:644} INFO - at org.apache.spark.rdd.RDD.computeOrReadCheckpoint(RDD.scala:365)
[2025-05-03T19:04:01.635+0000] {spark_submit.py:644} INFO - at org.apache.spark.rdd.RDD.iterator(RDD.scala:329)
[2025-05-03T19:04:01.635+0000] {spark_submit.py:644} INFO - at org.apache.spark.scheduler.ResultTask.runTask(ResultTask.scala:90)
[2025-05-03T19:04:01.635+0000] {spark_submit.py:644} INFO - at org.apache.spark.scheduler.Task.run(Task.scala:136)
[2025-05-03T19:04:01.636+0000] {spark_submit.py:644} INFO - at org.apache.spark.executor.Executor$TaskRunner.$anonfun$run$3(Executor.scala:548)
[2025-05-03T19:04:01.636+0000] {spark_submit.py:644} INFO - at org.apache.spark.util.Utils$.tryWithSafeFinally(Utils.scala:1504)
[2025-05-03T19:04:01.636+0000] {spark_submit.py:644} INFO - at org.apache.spark.executor.Executor$TaskRunner.run(Executor.scala:551)
[2025-05-03T19:04:01.636+0000] {spark_submit.py:644} INFO - at java.util.concurrent.ThreadPoolExecutor.runWorker(ThreadPoolExecutor.java:1149)
[2025-05-03T19:04:01.636+0000] {spark_submit.py:644} INFO - at java.util.concurrent.ThreadPoolExecutor$Worker.run(ThreadPoolExecutor.java:624)
[2025-05-03T19:04:01.636+0000] {spark_submit.py:644} INFO - at java.lang.Thread.run(Thread.java:748)
[2025-05-03T19:04:01.640+0000] {spark_submit.py:644} INFO - 25/05/03 19:04:01 WARN TaskSetManager: Lost task 0.3 in stage 1.0 (TID 8) (172.19.0.6 executor 0): TaskKilled (Stage cancelled)
[2025-05-03T19:04:01.640+0000] {spark_submit.py:644} INFO - 25/05/03 19:04:01 INFO TaskSchedulerImpl: Removed TaskSet 1.0, whose tasks have all completed, from pool
[2025-05-03T19:04:01.790+0000] {spark_submit.py:644} INFO - Traceback (most recent call last):
[2025-05-03T19:04:01.790+0000] {spark_submit.py:644} INFO - File "/opt/airflow/dags/bronze_to_silver.py", line 43, in <module>
[2025-05-03T19:04:01.790+0000] {spark_submit.py:644} INFO - process_table(table)
[2025-05-03T19:04:01.791+0000] {spark_submit.py:644} INFO - File "/opt/airflow/dags/bronze_to_silver.py", line 31, in process_table
[2025-05-03T19:04:01.791+0000] {spark_submit.py:644} INFO - df_cleaned.write.mode("overwrite").parquet(silver_path)
[2025-05-03T19:04:01.791+0000] {spark_submit.py:644} INFO - File "/opt/spark/python/lib/pyspark.zip/pyspark/sql/readwriter.py", line 1140, in parquet
[2025-05-03T19:04:01.791+0000] {spark_submit.py:644} INFO - File "/opt/spark/python/lib/py4j-0.10.9.5-src.zip/py4j/java_gateway.py", line 1321, in __call__
[2025-05-03T19:04:01.791+0000] {spark_submit.py:644} INFO - File "/opt/spark/python/lib/pyspark.zip/pyspark/sql/utils.py", line 190, in deco
[2025-05-03T19:04:01.791+0000] {spark_submit.py:644} INFO - File "/opt/spark/python/lib/py4j-0.10.9.5-src.zip/py4j/protocol.py", line 326, in get_return_value
[2025-05-03T19:04:01.844+0000] {spark_submit.py:644} INFO - py4j.protocol.Py4JJavaError: An error occurred while calling o216.parquet.
[2025-05-03T19:04:01.844+0000] {spark_submit.py:644} INFO - : org.apache.spark.SparkException: Job aborted.
[2025-05-03T19:04:01.845+0000] {spark_submit.py:644} INFO - at org.apache.spark.sql.errors.QueryExecutionErrors$.jobAbortedError(QueryExecutionErrors.scala:638)
[2025-05-03T19:04:01.845+0000] {spark_submit.py:644} INFO - at org.apache.spark.sql.execution.datasources.FileFormatWriter$.write(FileFormatWriter.scala:278)
[2025-05-03T19:04:01.845+0000] {spark_submit.py:644} INFO - at org.apache.spark.sql.execution.datasources.InsertIntoHadoopFsRelationCommand.run(InsertIntoHadoopFsRelationCommand.scala:186)
[2025-05-03T19:04:01.845+0000] {spark_submit.py:644} INFO - at org.apache.spark.sql.execution.command.DataWritingCommandExec.sideEffectResult$lzycompute(commands.scala:113)
[2025-05-03T19:04:01.846+0000] {spark_submit.py:644} INFO - at org.apache.spark.sql.execution.command.DataWritingCommandExec.sideEffectResult(commands.scala:111)
[2025-05-03T19:04:01.846+0000] {spark_submit.py:644} INFO - at org.apache.spark.sql.execution.command.DataWritingCommandExec.executeCollect(commands.scala:125)
[2025-05-03T19:04:01.846+0000] {spark_submit.py:644} INFO - at org.apache.spark.sql.execution.QueryExecution$$anonfun$eagerlyExecuteCommands$1.$anonfun$applyOrElse$1(QueryExecution.scala:98)
[2025-05-03T19:04:01.846+0000] {spark_submit.py:644} INFO - at org.apache.spark.sql.execution.SQLExecution$.$anonfun$withNewExecutionId$6(SQLExecution.scala:109)
[2025-05-03T19:04:01.846+0000] {spark_submit.py:644} INFO - at org.apache.spark.sql.execution.SQLExecution$.withSQLConfPropagated(SQLExecution.scala:169)
[2025-05-03T19:04:01.846+0000] {spark_submit.py:644} INFO - at org.apache.spark.sql.execution.SQLExecution$.$anonfun$withNewExecutionId$1(SQLExecution.scala:95)
[2025-05-03T19:04:01.847+0000] {spark_submit.py:644} INFO - at org.apache.spark.sql.SparkSession.withActive(SparkSession.scala:779)
[2025-05-03T19:04:01.847+0000] {spark_submit.py:644} INFO - at org.apache.spark.sql.execution.SQLExecution$.withNewExecutionId(SQLExecution.scala:64)
[2025-05-03T19:04:01.847+0000] {spark_submit.py:644} INFO - at org.apache.spark.sql.execution.QueryExecution$$anonfun$eagerlyExecuteCommands$1.applyOrElse(QueryExecution.scala:98)
[2025-05-03T19:04:01.847+0000] {spark_submit.py:644} INFO - at org.apache.spark.sql.execution.QueryExecution$$anonfun$eagerlyExecuteCommands$1.applyOrElse(QueryExecution.scala:94)
[2025-05-03T19:04:01.847+0000] {spark_submit.py:644} INFO - at org.apache.spark.sql.catalyst.trees.TreeNode.$anonfun$transformDownWithPruning$1(TreeNode.scala:584)
[2025-05-03T19:04:01.847+0000] {spark_submit.py:644} INFO - at org.apache.spark.sql.catalyst.trees.CurrentOrigin$.withOrigin(TreeNode.scala:176)
[2025-05-03T19:04:01.847+0000] {spark_submit.py:644} INFO - at org.apache.spark.sql.catalyst.trees.TreeNode.transformDownWithPruning(TreeNode.scala:584)
[2025-05-03T19:04:01.848+0000] {spark_submit.py:644} INFO - at org.apache.spark.sql.catalyst.plans.logical.LogicalPlan.org$apache$spark$sql$catalyst$plans$logical$AnalysisHelper$$super$transformDownWithPruning(LogicalPlan.scala:30)
[2025-05-03T19:04:01.848+0000] {spark_submit.py:644} INFO - at org.apache.spark.sql.catalyst.plans.logical.AnalysisHelper.transformDownWithPruning(AnalysisHelper.scala:267)
[2025-05-03T19:04:01.848+0000] {spark_submit.py:644} INFO - at org.apache.spark.sql.catalyst.plans.logical.AnalysisHelper.transformDownWithPruning$(AnalysisHelper.scala:263)
[2025-05-03T19:04:01.848+0000] {spark_submit.py:644} INFO - at org.apache.spark.sql.catalyst.plans.logical.LogicalPlan.transformDownWithPruning(LogicalPlan.scala:30)
[2025-05-03T19:04:01.848+0000] {spark_submit.py:644} INFO - at org.apache.spark.sql.catalyst.plans.logical.LogicalPlan.transformDownWithPruning(LogicalPlan.scala:30)
[2025-05-03T19:04:01.848+0000] {spark_submit.py:644} INFO - at org.apache.spark.sql.catalyst.trees.TreeNode.transformDown(TreeNode.scala:560)
[2025-05-03T19:04:01.849+0000] {spark_submit.py:644} INFO - at org.apache.spark.sql.execution.QueryExecution.eagerlyExecuteCommands(QueryExecution.scala:94)
[2025-05-03T19:04:01.849+0000] {spark_submit.py:644} INFO - at org.apache.spark.sql.execution.QueryExecution.commandExecuted$lzycompute(QueryExecution.scala:81)
[2025-05-03T19:04:01.849+0000] {spark_submit.py:644} INFO - at org.apache.spark.sql.execution.QueryExecution.commandExecuted(QueryExecution.scala:79)
[2025-05-03T19:04:01.849+0000] {spark_submit.py:644} INFO - at org.apache.spark.sql.execution.QueryExecution.assertCommandExecuted(QueryExecution.scala:116)
[2025-05-03T19:04:01.849+0000] {spark_submit.py:644} INFO - at org.apache.spark.sql.DataFrameWriter.runCommand(DataFrameWriter.scala:860)
[2025-05-03T19:04:01.849+0000] {spark_submit.py:644} INFO - at org.apache.spark.sql.DataFrameWriter.saveToV1Source(DataFrameWriter.scala:390)
[2025-05-03T19:04:01.850+0000] {spark_submit.py:644} INFO - at org.apache.spark.sql.DataFrameWriter.saveInternal(DataFrameWriter.scala:363)
[2025-05-03T19:04:01.850+0000] {spark_submit.py:644} INFO - at org.apache.spark.sql.DataFrameWriter.save(DataFrameWriter.scala:239)
[2025-05-03T19:04:01.850+0000] {spark_submit.py:644} INFO - at org.apache.spark.sql.DataFrameWriter.parquet(DataFrameWriter.scala:793)
[2025-05-03T19:04:01.850+0000] {spark_submit.py:644} INFO - at java.base/jdk.internal.reflect.NativeMethodAccessorImpl.invoke0(Native Method)
[2025-05-03T19:04:01.850+0000] {spark_submit.py:644} INFO - at java.base/jdk.internal.reflect.NativeMethodAccessorImpl.invoke(NativeMethodAccessorImpl.java:77)
[2025-05-03T19:04:01.850+0000] {spark_submit.py:644} INFO - at java.base/jdk.internal.reflect.DelegatingMethodAccessorImpl.invoke(DelegatingMethodAccessorImpl.java:43)
[2025-05-03T19:04:01.850+0000] {spark_submit.py:644} INFO - at java.base/java.lang.reflect.Method.invoke(Method.java:569)
[2025-05-03T19:04:01.851+0000] {spark_submit.py:644} INFO - at py4j.reflection.MethodInvoker.invoke(MethodInvoker.java:244)
[2025-05-03T19:04:01.851+0000] {spark_submit.py:644} INFO - at py4j.reflection.ReflectionEngine.invoke(ReflectionEngine.java:357)
[2025-05-03T19:04:01.851+0000] {spark_submit.py:644} INFO - at py4j.Gateway.invoke(Gateway.java:282)
[2025-05-03T19:04:01.851+0000] {spark_submit.py:644} INFO - at py4j.commands.AbstractCommand.invokeMethod(AbstractCommand.java:132)
[2025-05-03T19:04:01.851+0000] {spark_submit.py:644} INFO - at py4j.commands.CallCommand.execute(CallCommand.java:79)
[2025-05-03T19:04:01.852+0000] {spark_submit.py:644} INFO - at py4j.ClientServerConnection.waitForCommands(ClientServerConnection.java:182)
[2025-05-03T19:04:01.852+0000] {spark_submit.py:644} INFO - at py4j.ClientServerConnection.run(ClientServerConnection.java:106)
[2025-05-03T19:04:01.852+0000] {spark_submit.py:644} INFO - at java.base/java.lang.Thread.run(Thread.java:840)
[2025-05-03T19:04:01.852+0000] {spark_submit.py:644} INFO - Caused by: org.apache.spark.SparkException: Job aborted due to stage failure: Task 1 in stage 1.0 failed 4 times, most recent failure: Lost task 1.3 in stage 1.0 (TID 7) (172.19.0.6 executor 0): org.apache.spark.SparkException:
[2025-05-03T19:04:01.852+0000] {spark_submit.py:644} INFO - Error from python worker:
[2025-05-03T19:04:01.852+0000] {spark_submit.py:644} INFO - Traceback (most recent call last):
[2025-05-03T19:04:01.853+0000] {spark_submit.py:644} INFO - File "/usr/lib/python2.7/runpy.py", line 163, in _run_module_as_main
[2025-05-03T19:04:01.853+0000] {spark_submit.py:644} INFO - mod_name, _Error)
[2025-05-03T19:04:01.853+0000] {spark_submit.py:644} INFO - File "/usr/lib/python2.7/runpy.py", line 102, in _get_module_details
[2025-05-03T19:04:01.853+0000] {spark_submit.py:644} INFO - loader = get_loader(mod_name)
[2025-05-03T19:04:01.853+0000] {spark_submit.py:644} INFO - File "/usr/lib/python2.7/pkgutil.py", line 462, in get_loader
[2025-05-03T19:04:01.853+0000] {spark_submit.py:644} INFO - return find_loader(fullname)
[2025-05-03T19:04:01.854+0000] {spark_submit.py:644} INFO - File "/usr/lib/python2.7/pkgutil.py", line 472, in find_loader
[2025-05-03T19:04:01.854+0000] {spark_submit.py:644} INFO - for importer in iter_importers(fullname):
[2025-05-03T19:04:01.854+0000] {spark_submit.py:644} INFO - File "/usr/lib/python2.7/pkgutil.py", line 428, in iter_importers
[2025-05-03T19:04:01.854+0000] {spark_submit.py:644} INFO - __import__(pkg)
[2025-05-03T19:04:01.854+0000] {spark_submit.py:644} INFO - File "/spark/python/lib/pyspark.zip/pyspark/__init__.py", line 71
[2025-05-03T19:04:01.855+0000] {spark_submit.py:644} INFO - def since(version: Union[str, float]) -> Callable[[F], F]:
[2025-05-03T19:04:01.855+0000] {spark_submit.py:644} INFO - ^
[2025-05-03T19:04:01.855+0000] {spark_submit.py:644} INFO - SyntaxError: invalid syntax
[2025-05-03T19:04:01.855+0000] {spark_submit.py:644} INFO - PYTHONPATH was:
[2025-05-03T19:04:01.855+0000] {spark_submit.py:644} INFO - /spark/python/lib/pyspark.zip:/spark/python/lib/py4j-0.10.9.5-src.zip:/spark/jars/spark-core_2.12-3.3.0.jar:/spark/python/lib/py4j-0.10.9.5-src.zip:/spark/python:
[2025-05-03T19:04:01.855+0000] {spark_submit.py:644} INFO - java.lang.NullPointerException
[2025-05-03T19:04:01.856+0000] {spark_submit.py:644} INFO - at org.apache.spark.errors.SparkCoreErrors$.eofExceptionWhileReadPortNumberError(SparkCoreErrors.scala:42)
[2025-05-03T19:04:01.856+0000] {spark_submit.py:644} INFO - at org.apache.spark.api.python.PythonWorkerFactory.startDaemon(PythonWorkerFactory.scala:223)
[2025-05-03T19:04:01.856+0000] {spark_submit.py:644} INFO - at org.apache.spark.api.python.PythonWorkerFactory.createThroughDaemon(PythonWorkerFactory.scala:134)
[2025-05-03T19:04:01.856+0000] {spark_submit.py:644} INFO - at org.apache.spark.api.python.PythonWorkerFactory.create(PythonWorkerFactory.scala:107)
[2025-05-03T19:04:01.856+0000] {spark_submit.py:644} INFO - at org.apache.spark.SparkEnv.createPythonWorker(SparkEnv.scala:124)
[2025-05-03T19:04:01.857+0000] {spark_submit.py:644} INFO - at org.apache.spark.api.python.BasePythonRunner.compute(PythonRunner.scala:164)
[2025-05-03T19:04:01.857+0000] {spark_submit.py:644} INFO - at org.apache.spark.sql.execution.python.BatchEvalPythonExec.evaluate(BatchEvalPythonExec.scala:81)
[2025-05-03T19:04:01.857+0000] {spark_submit.py:644} INFO - at org.apache.spark.sql.execution.python.EvalPythonExec.$anonfun$doExecute$2(EvalPythonExec.scala:130)
[2025-05-03T19:04:01.857+0000] {spark_submit.py:644} INFO - at org.apache.spark.rdd.RDD.$anonfun$mapPartitions$2(RDD.scala:855)
[2025-05-03T19:04:01.857+0000] {spark_submit.py:644} INFO - at org.apache.spark.rdd.RDD.$anonfun$mapPartitions$2$adapted(RDD.scala:855)
[2025-05-03T19:04:01.857+0000] {spark_submit.py:644} INFO - at org.apache.spark.rdd.MapPartitionsRDD.compute(MapPartitionsRDD.scala:52)
[2025-05-03T19:04:01.858+0000] {spark_submit.py:644} INFO - at org.apache.spark.rdd.RDD.computeOrReadCheckpoint(RDD.scala:365)
[2025-05-03T19:04:01.858+0000] {spark_submit.py:644} INFO - at org.apache.spark.rdd.RDD.iterator(RDD.scala:329)
[2025-05-03T19:04:01.858+0000] {spark_submit.py:644} INFO - at org.apache.spark.rdd.MapPartitionsRDD.compute(MapPartitionsRDD.scala:52)
[2025-05-03T19:04:01.858+0000] {spark_submit.py:644} INFO - at org.apache.spark.rdd.RDD.computeOrReadCheckpoint(RDD.scala:365)
[2025-05-03T19:04:01.859+0000] {spark_submit.py:644} INFO - at org.apache.spark.rdd.RDD.iterator(RDD.scala:329)
[2025-05-03T19:04:01.859+0000] {spark_submit.py:644} INFO - at org.apache.spark.scheduler.ResultTask.runTask(ResultTask.scala:90)
[2025-05-03T19:04:01.859+0000] {spark_submit.py:644} INFO - at org.apache.spark.scheduler.Task.run(Task.scala:136)
[2025-05-03T19:04:01.859+0000] {spark_submit.py:644} INFO - at org.apache.spark.executor.Executor$TaskRunner.$anonfun$run$3(Executor.scala:548)
[2025-05-03T19:04:01.859+0000] {spark_submit.py:644} INFO - at org.apache.spark.util.Utils$.tryWithSafeFinally(Utils.scala:1504)
[2025-05-03T19:04:01.859+0000] {spark_submit.py:644} INFO - at org.apache.spark.executor.Executor$TaskRunner.run(Executor.scala:551)
[2025-05-03T19:04:01.859+0000] {spark_submit.py:644} INFO - at java.util.concurrent.ThreadPoolExecutor.runWorker(ThreadPoolExecutor.java:1149)
[2025-05-03T19:04:01.859+0000] {spark_submit.py:644} INFO - at java.util.concurrent.ThreadPoolExecutor$Worker.run(ThreadPoolExecutor.java:624)
[2025-05-03T19:04:01.859+0000] {spark_submit.py:644} INFO - at java.lang.Thread.run(Thread.java:748)
[2025-05-03T19:04:01.860+0000] {spark_submit.py:644} INFO - 
[2025-05-03T19:04:01.860+0000] {spark_submit.py:644} INFO - Driver stacktrace:
[2025-05-03T19:04:01.860+0000] {spark_submit.py:644} INFO - at org.apache.spark.scheduler.DAGScheduler.failJobAndIndependentStages(DAGScheduler.scala:2672)
[2025-05-03T19:04:01.860+0000] {spark_submit.py:644} INFO - at org.apache.spark.scheduler.DAGScheduler.$anonfun$abortStage$2(DAGScheduler.scala:2608)
[2025-05-03T19:04:01.860+0000] {spark_submit.py:644} INFO - at org.apache.spark.scheduler.DAGScheduler.$anonfun$abortStage$2$adapted(DAGScheduler.scala:2607)
[2025-05-03T19:04:01.860+0000] {spark_submit.py:644} INFO - at scala.collection.mutable.ResizableArray.foreach(ResizableArray.scala:62)
[2025-05-03T19:04:01.860+0000] {spark_submit.py:644} INFO - at scala.collection.mutable.ResizableArray.foreach$(ResizableArray.scala:55)
[2025-05-03T19:04:01.860+0000] {spark_submit.py:644} INFO - at scala.collection.mutable.ArrayBuffer.foreach(ArrayBuffer.scala:49)
[2025-05-03T19:04:01.860+0000] {spark_submit.py:644} INFO - at org.apache.spark.scheduler.DAGScheduler.abortStage(DAGScheduler.scala:2607)
[2025-05-03T19:04:01.860+0000] {spark_submit.py:644} INFO - at org.apache.spark.scheduler.DAGScheduler.$anonfun$handleTaskSetFailed$1(DAGScheduler.scala:1182)
[2025-05-03T19:04:01.860+0000] {spark_submit.py:644} INFO - at org.apache.spark.scheduler.DAGScheduler.$anonfun$handleTaskSetFailed$1$adapted(DAGScheduler.scala:1182)
[2025-05-03T19:04:01.860+0000] {spark_submit.py:644} INFO - at scala.Option.foreach(Option.scala:407)
[2025-05-03T19:04:01.860+0000] {spark_submit.py:644} INFO - at org.apache.spark.scheduler.DAGScheduler.handleTaskSetFailed(DAGScheduler.scala:1182)
[2025-05-03T19:04:01.861+0000] {spark_submit.py:644} INFO - at org.apache.spark.scheduler.DAGSchedulerEventProcessLoop.doOnReceive(DAGScheduler.scala:2860)
[2025-05-03T19:04:01.861+0000] {spark_submit.py:644} INFO - at org.apache.spark.scheduler.DAGSchedulerEventProcessLoop.onReceive(DAGScheduler.scala:2802)
[2025-05-03T19:04:01.861+0000] {spark_submit.py:644} INFO - at org.apache.spark.scheduler.DAGSchedulerEventProcessLoop.onReceive(DAGScheduler.scala:2791)
[2025-05-03T19:04:01.861+0000] {spark_submit.py:644} INFO - at org.apache.spark.util.EventLoop$$anon$1.run(EventLoop.scala:49)
[2025-05-03T19:04:01.861+0000] {spark_submit.py:644} INFO - at org.apache.spark.scheduler.DAGScheduler.runJob(DAGScheduler.scala:952)
[2025-05-03T19:04:01.861+0000] {spark_submit.py:644} INFO - at org.apache.spark.SparkContext.runJob(SparkContext.scala:2228)
[2025-05-03T19:04:01.862+0000] {spark_submit.py:644} INFO - at org.apache.spark.sql.execution.datasources.FileFormatWriter$.write(FileFormatWriter.scala:245)
[2025-05-03T19:04:01.862+0000] {spark_submit.py:644} INFO - ... 42 more
[2025-05-03T19:04:01.862+0000] {spark_submit.py:644} INFO - Caused by: org.apache.spark.SparkException:
[2025-05-03T19:04:01.862+0000] {spark_submit.py:644} INFO - Error from python worker:
[2025-05-03T19:04:01.862+0000] {spark_submit.py:644} INFO - Traceback (most recent call last):
[2025-05-03T19:04:01.863+0000] {spark_submit.py:644} INFO - File "/usr/lib/python2.7/runpy.py", line 163, in _run_module_as_main
[2025-05-03T19:04:01.863+0000] {spark_submit.py:644} INFO - mod_name, _Error)
[2025-05-03T19:04:01.863+0000] {spark_submit.py:644} INFO - File "/usr/lib/python2.7/runpy.py", line 102, in _get_module_details
[2025-05-03T19:04:01.863+0000] {spark_submit.py:644} INFO - loader = get_loader(mod_name)
[2025-05-03T19:04:01.863+0000] {spark_submit.py:644} INFO - File "/usr/lib/python2.7/pkgutil.py", line 462, in get_loader
[2025-05-03T19:04:01.863+0000] {spark_submit.py:644} INFO - return find_loader(fullname)
[2025-05-03T19:04:01.863+0000] {spark_submit.py:644} INFO - File "/usr/lib/python2.7/pkgutil.py", line 472, in find_loader
[2025-05-03T19:04:01.863+0000] {spark_submit.py:644} INFO - for importer in iter_importers(fullname):
[2025-05-03T19:04:01.863+0000] {spark_submit.py:644} INFO - File "/usr/lib/python2.7/pkgutil.py", line 428, in iter_importers
[2025-05-03T19:04:01.863+0000] {spark_submit.py:644} INFO - __import__(pkg)
[2025-05-03T19:04:01.863+0000] {spark_submit.py:644} INFO - File "/spark/python/lib/pyspark.zip/pyspark/__init__.py", line 71
[2025-05-03T19:04:01.864+0000] {spark_submit.py:644} INFO - def since(version: Union[str, float]) -> Callable[[F], F]:
[2025-05-03T19:04:01.864+0000] {spark_submit.py:644} INFO - ^
[2025-05-03T19:04:01.864+0000] {spark_submit.py:644} INFO - SyntaxError: invalid syntax
[2025-05-03T19:04:01.864+0000] {spark_submit.py:644} INFO - PYTHONPATH was:
[2025-05-03T19:04:01.864+0000] {spark_submit.py:644} INFO - /spark/python/lib/pyspark.zip:/spark/python/lib/py4j-0.10.9.5-src.zip:/spark/jars/spark-core_2.12-3.3.0.jar:/spark/python/lib/py4j-0.10.9.5-src.zip:/spark/python:
[2025-05-03T19:04:01.864+0000] {spark_submit.py:644} INFO - java.lang.NullPointerException
[2025-05-03T19:04:01.864+0000] {spark_submit.py:644} INFO - at org.apache.spark.errors.SparkCoreErrors$.eofExceptionWhileReadPortNumberError(SparkCoreErrors.scala:42)
[2025-05-03T19:04:01.864+0000] {spark_submit.py:644} INFO - at org.apache.spark.api.python.PythonWorkerFactory.startDaemon(PythonWorkerFactory.scala:223)
[2025-05-03T19:04:01.864+0000] {spark_submit.py:644} INFO - at org.apache.spark.api.python.PythonWorkerFactory.createThroughDaemon(PythonWorkerFactory.scala:134)
[2025-05-03T19:04:01.864+0000] {spark_submit.py:644} INFO - at org.apache.spark.api.python.PythonWorkerFactory.create(PythonWorkerFactory.scala:107)
[2025-05-03T19:04:01.864+0000] {spark_submit.py:644} INFO - at org.apache.spark.SparkEnv.createPythonWorker(SparkEnv.scala:124)
[2025-05-03T19:04:01.864+0000] {spark_submit.py:644} INFO - at org.apache.spark.api.python.BasePythonRunner.compute(PythonRunner.scala:164)
[2025-05-03T19:04:01.865+0000] {spark_submit.py:644} INFO - at org.apache.spark.sql.execution.python.BatchEvalPythonExec.evaluate(BatchEvalPythonExec.scala:81)
[2025-05-03T19:04:01.865+0000] {spark_submit.py:644} INFO - at org.apache.spark.sql.execution.python.EvalPythonExec.$anonfun$doExecute$2(EvalPythonExec.scala:130)
[2025-05-03T19:04:01.865+0000] {spark_submit.py:644} INFO - at org.apache.spark.rdd.RDD.$anonfun$mapPartitions$2(RDD.scala:855)
[2025-05-03T19:04:01.865+0000] {spark_submit.py:644} INFO - at org.apache.spark.rdd.RDD.$anonfun$mapPartitions$2$adapted(RDD.scala:855)
[2025-05-03T19:04:01.865+0000] {spark_submit.py:644} INFO - at org.apache.spark.rdd.MapPartitionsRDD.compute(MapPartitionsRDD.scala:52)
[2025-05-03T19:04:01.865+0000] {spark_submit.py:644} INFO - at org.apache.spark.rdd.RDD.computeOrReadCheckpoint(RDD.scala:365)
[2025-05-03T19:04:01.865+0000] {spark_submit.py:644} INFO - at org.apache.spark.rdd.RDD.iterator(RDD.scala:329)
[2025-05-03T19:04:01.865+0000] {spark_submit.py:644} INFO - at org.apache.spark.rdd.MapPartitionsRDD.compute(MapPartitionsRDD.scala:52)
[2025-05-03T19:04:01.865+0000] {spark_submit.py:644} INFO - at org.apache.spark.rdd.RDD.computeOrReadCheckpoint(RDD.scala:365)
[2025-05-03T19:04:01.865+0000] {spark_submit.py:644} INFO - at org.apache.spark.rdd.RDD.iterator(RDD.scala:329)
[2025-05-03T19:04:01.865+0000] {spark_submit.py:644} INFO - at org.apache.spark.scheduler.ResultTask.runTask(ResultTask.scala:90)
[2025-05-03T19:04:01.865+0000] {spark_submit.py:644} INFO - at org.apache.spark.scheduler.Task.run(Task.scala:136)
[2025-05-03T19:04:01.866+0000] {spark_submit.py:644} INFO - at org.apache.spark.executor.Executor$TaskRunner.$anonfun$run$3(Executor.scala:548)
[2025-05-03T19:04:01.866+0000] {spark_submit.py:644} INFO - at org.apache.spark.util.Utils$.tryWithSafeFinally(Utils.scala:1504)
[2025-05-03T19:04:01.866+0000] {spark_submit.py:644} INFO - at org.apache.spark.executor.Executor$TaskRunner.run(Executor.scala:551)
[2025-05-03T19:04:01.866+0000] {spark_submit.py:644} INFO - at java.util.concurrent.ThreadPoolExecutor.runWorker(ThreadPoolExecutor.java:1149)
[2025-05-03T19:04:01.866+0000] {spark_submit.py:644} INFO - at java.util.concurrent.ThreadPoolExecutor$Worker.run(ThreadPoolExecutor.java:624)
[2025-05-03T19:04:01.866+0000] {spark_submit.py:644} INFO - at java.lang.Thread.run(Thread.java:748)
[2025-05-03T19:04:01.866+0000] {spark_submit.py:644} INFO - 
[2025-05-03T19:04:01.883+0000] {spark_submit.py:644} INFO - 25/05/03 19:04:01 INFO SparkContext: Invoking stop() from shutdown hook
[2025-05-03T19:04:01.893+0000] {spark_submit.py:644} INFO - 25/05/03 19:04:01 INFO SparkUI: Stopped Spark web UI at http://d25fc7b89850:4040
[2025-05-03T19:04:01.895+0000] {spark_submit.py:644} INFO - 25/05/03 19:04:01 INFO StandaloneSchedulerBackend: Shutting down all executors
[2025-05-03T19:04:01.896+0000] {spark_submit.py:644} INFO - 25/05/03 19:04:01 INFO CoarseGrainedSchedulerBackend$DriverEndpoint: Asking each executor to shut down
[2025-05-03T19:04:01.918+0000] {spark_submit.py:644} INFO - 25/05/03 19:04:01 INFO MapOutputTrackerMasterEndpoint: MapOutputTrackerMasterEndpoint stopped!
[2025-05-03T19:04:01.951+0000] {spark_submit.py:644} INFO - 25/05/03 19:04:01 INFO MemoryStore: MemoryStore cleared
[2025-05-03T19:04:01.951+0000] {spark_submit.py:644} INFO - 25/05/03 19:04:01 INFO BlockManager: BlockManager stopped
[2025-05-03T19:04:01.955+0000] {spark_submit.py:644} INFO - 25/05/03 19:04:01 INFO BlockManagerMaster: BlockManagerMaster stopped
[2025-05-03T19:04:01.958+0000] {spark_submit.py:644} INFO - 25/05/03 19:04:01 INFO OutputCommitCoordinator$OutputCommitCoordinatorEndpoint: OutputCommitCoordinator stopped!
[2025-05-03T19:04:01.973+0000] {spark_submit.py:644} INFO - 25/05/03 19:04:01 INFO SparkContext: Successfully stopped SparkContext
[2025-05-03T19:04:01.973+0000] {spark_submit.py:644} INFO - 25/05/03 19:04:01 INFO ShutdownHookManager: Shutdown hook called
[2025-05-03T19:04:01.974+0000] {spark_submit.py:644} INFO - 25/05/03 19:04:01 INFO ShutdownHookManager: Deleting directory /tmp/spark-a70b13d4-96a8-4bd0-aa0f-698f93a8b284
[2025-05-03T19:04:01.979+0000] {spark_submit.py:644} INFO - 25/05/03 19:04:01 INFO ShutdownHookManager: Deleting directory /tmp/spark-c02d2cb3-1e02-4528-ab19-b947f1f57e53
[2025-05-03T19:04:01.984+0000] {spark_submit.py:644} INFO - 25/05/03 19:04:01 INFO ShutdownHookManager: Deleting directory /tmp/spark-a70b13d4-96a8-4bd0-aa0f-698f93a8b284/pyspark-7d6db92c-96ac-423c-b79c-cf6371899c12
[2025-05-03T19:04:02.048+0000] {taskinstance.py:441} INFO - ::group::Post task execution logs
[2025-05-03T19:04:02.107+0000] {taskinstance.py:2905} ERROR - Task failed with exception
Traceback (most recent call last):
  File "/home/airflow/.local/lib/python3.10/site-packages/airflow/models/taskinstance.py", line 465, in _execute_task
    result = _execute_callable(context=context, **execute_callable_kwargs)
  File "/home/airflow/.local/lib/python3.10/site-packages/airflow/models/taskinstance.py", line 432, in _execute_callable
    return execute_callable(context=context, **execute_callable_kwargs)
  File "/home/airflow/.local/lib/python3.10/site-packages/airflow/models/baseoperator.py", line 400, in wrapper
    return func(self, *args, **kwargs)
  File "/home/airflow/.local/lib/python3.10/site-packages/airflow/providers/apache/spark/operators/spark_submit.py", line 197, in execute
    self._hook.submit(self.application)
  File "/home/airflow/.local/lib/python3.10/site-packages/airflow/providers/apache/spark/hooks/spark_submit.py", line 566, in submit
    raise AirflowException(
airflow.exceptions.AirflowException: Cannot execute: spark-submit --master spark://spark-master:7077 --conf spark.master=spark://spark-master:7077 --name BronzeToSilver --verbose --queue root.default --deploy-mode client /opt/airflow/dags/bronze_to_silver.py. Error code is: 1.
[2025-05-03T19:04:02.113+0000] {taskinstance.py:1206} INFO - Marking task as FAILED. dag_id=final_project_BBDL, task_id=BronzeToSilver, run_id=manual__2025-05-03T19:03:23.219099+00:00, execution_date=20250503T190323, start_date=20250503T190348, end_date=20250503T190402
[2025-05-03T19:04:02.171+0000] {standard_task_runner.py:110} ERROR - Failed to execute job 63 for task BronzeToSilver (Cannot execute: spark-submit --master spark://spark-master:7077 --conf spark.master=spark://spark-master:7077 --name BronzeToSilver --verbose --queue root.default --deploy-mode client /opt/airflow/dags/bronze_to_silver.py. Error code is: 1.; 2005)
[2025-05-03T19:04:02.203+0000] {local_task_job_runner.py:240} INFO - Task exited with return code 1
[2025-05-03T19:04:02.252+0000] {taskinstance.py:3498} INFO - 0 downstream tasks scheduled from follow-on schedule check
[2025-05-03T19:04:02.275+0000] {local_task_job_runner.py:222} INFO - ::endgroup::
